2015-08-22 18:31:53,033 [ACCEPTED LOGIN]  for admin/10.0.2.2.
2015-08-22 18:32:42,608 [ACCEPTED CREATE] User deployer was created successfully for admin/10.0.2.2.
2015-08-22 18:33:00,107 [ACCEPTED CREATE] User resolver was created successfully for admin/10.0.2.2.
2015-08-22 18:33:20,285 [ACCEPTED CREATE] Group deployers was created successfully for admin/10.0.2.2.
2015-08-22 18:33:44,234 [ACCEPTED DELETE] User deployer was deleted successfully for admin/10.0.2.2.
2015-08-22 18:33:46,935 [ACCEPTED DELETE] User resolver was deleted successfully for admin/10.0.2.2.
2015-08-22 18:37:43,662 [ACCEPTED DEPLOY] jcenter-cache:org/apache/maven/plugins/maven-clean-plugin/2.5/maven-clean-plugin-2.5.pom for anonymous/10.0.2.2.
2015-08-22 18:37:43,802 [ACCEPTED DEPLOY] libs-release:org/apache/maven/plugins/maven-clean-plugin/2.5/maven-clean-plugin-2.5.pom for anonymous/10.0.2.2.
2015-08-22 18:37:43,817 [ACCEPTED DOWNLOAD] libs-release:org/apache/maven/plugins/maven-clean-plugin/2.5/maven-clean-plugin-2.5.pom for anonymous/10.0.2.2.
2015-08-22 18:37:43,903 [ACCEPTED DOWNLOAD] libs-release:org/apache/maven/plugins/maven-clean-plugin/2.5/maven-clean-plugin-2.5.pom.sha1 for anonymous/10.0.2.2.
2015-08-22 18:37:44,294 [ACCEPTED DEPLOY] jcenter-cache:org/apache/maven/plugins/maven-plugins/22/maven-plugins-22.pom for anonymous/10.0.2.2.
2015-08-22 18:37:44,434 [ACCEPTED DEPLOY] libs-release:org/apache/maven/plugins/maven-plugins/22/maven-plugins-22.pom for anonymous/10.0.2.2.
2015-08-22 18:37:44,819 [ACCEPTED DEPLOY] jcenter-cache:org/apache/maven/maven-parent/21/maven-parent-21.pom for anonymous/10.0.2.2.
2015-08-22 18:37:44,902 [ACCEPTED DEPLOY] libs-release:org/apache/maven/maven-parent/21/maven-parent-21.pom for anonymous/10.0.2.2.
2015-08-22 18:37:45,202 [ACCEPTED DEPLOY] jcenter-cache:org/apache/apache/10/apache-10.pom for anonymous/10.0.2.2.
2015-08-22 18:37:45,235 [ACCEPTED DEPLOY] libs-release:org/apache/apache/10/apache-10.pom for anonymous/10.0.2.2.
2015-08-22 18:37:45,578 [ACCEPTED DEPLOY] jcenter-cache:org/apache/maven/plugins/maven-clean-plugin/2.5/maven-clean-plugin-2.5.jar for anonymous/10.0.2.2.
2015-08-22 18:37:45,606 [ACCEPTED DOWNLOAD] jcenter:org/apache/maven/plugins/maven-clean-plugin/2.5/maven-clean-plugin-2.5.jar for anonymous/10.0.2.2.
2015-08-22 18:37:45,631 [ACCEPTED DOWNLOAD] libs-release:org/apache/maven/plugins/maven-clean-plugin/2.5/maven-clean-plugin-2.5.jar.sha1 for anonymous/10.0.2.2.
2015-08-22 18:37:45,892 [ACCEPTED DEPLOY] jcenter-cache:org/apache/maven/plugins/maven-resources-plugin/2.6/maven-resources-plugin-2.6.pom for anonymous/10.0.2.2.
2015-08-22 18:37:45,948 [ACCEPTED DEPLOY] libs-release:org/apache/maven/plugins/maven-resources-plugin/2.6/maven-resources-plugin-2.6.pom for anonymous/10.0.2.2.
2015-08-22 18:37:46,293 [ACCEPTED DEPLOY] jcenter-cache:org/apache/maven/plugins/maven-plugins/23/maven-plugins-23.pom for anonymous/10.0.2.2.
2015-08-22 18:37:46,397 [ACCEPTED DEPLOY] libs-release:org/apache/maven/plugins/maven-plugins/23/maven-plugins-23.pom for anonymous/10.0.2.2.
2015-08-22 18:37:46,703 [ACCEPTED DEPLOY] jcenter-cache:org/apache/maven/maven-parent/22/maven-parent-22.pom for anonymous/10.0.2.2.
2015-08-22 18:37:46,792 [ACCEPTED DEPLOY] libs-release:org/apache/maven/maven-parent/22/maven-parent-22.pom for anonymous/10.0.2.2.
2015-08-22 18:37:47,059 [ACCEPTED DEPLOY] jcenter-cache:org/apache/apache/11/apache-11.pom for anonymous/10.0.2.2.
2015-08-22 18:37:47,096 [ACCEPTED DEPLOY] libs-release:org/apache/apache/11/apache-11.pom for anonymous/10.0.2.2.
2015-08-22 18:37:47,456 [ACCEPTED DEPLOY] jcenter-cache:org/apache/maven/plugins/maven-resources-plugin/2.6/maven-resources-plugin-2.6.jar for anonymous/10.0.2.2.
2015-08-22 18:37:47,749 [ACCEPTED DEPLOY] jcenter-cache:org/apache/maven/plugins/maven-compiler-plugin/3.1/maven-compiler-plugin-3.1.pom for anonymous/10.0.2.2.
2015-08-22 18:37:47,781 [ACCEPTED DEPLOY] libs-release:org/apache/maven/plugins/maven-compiler-plugin/3.1/maven-compiler-plugin-3.1.pom for anonymous/10.0.2.2.
2015-08-22 18:37:48,011 [ACCEPTED DEPLOY] jcenter-cache:org/apache/maven/plugins/maven-plugins/24/maven-plugins-24.pom for anonymous/10.0.2.2.
2015-08-22 18:37:48,038 [ACCEPTED DEPLOY] libs-release:org/apache/maven/plugins/maven-plugins/24/maven-plugins-24.pom for anonymous/10.0.2.2.
2015-08-22 18:37:48,332 [ACCEPTED DEPLOY] jcenter-cache:org/apache/maven/maven-parent/23/maven-parent-23.pom for anonymous/10.0.2.2.
2015-08-22 18:37:48,413 [ACCEPTED DEPLOY] libs-release:org/apache/maven/maven-parent/23/maven-parent-23.pom for anonymous/10.0.2.2.
2015-08-22 18:37:48,651 [ACCEPTED DEPLOY] jcenter-cache:org/apache/apache/13/apache-13.pom for anonymous/10.0.2.2.
2015-08-22 18:37:48,688 [ACCEPTED DEPLOY] libs-release:org/apache/apache/13/apache-13.pom for anonymous/10.0.2.2.
2015-08-22 18:37:49,040 [ACCEPTED DEPLOY] jcenter-cache:org/apache/maven/plugins/maven-compiler-plugin/3.1/maven-compiler-plugin-3.1.jar for anonymous/10.0.2.2.
2015-08-22 18:37:49,387 [ACCEPTED DEPLOY] jcenter-cache:org/apache/maven/plugins/maven-surefire-plugin/2.12.4/maven-surefire-plugin-2.12.4.pom for anonymous/10.0.2.2.
2015-08-22 18:37:49,488 [ACCEPTED DEPLOY] libs-release:org/apache/maven/plugins/maven-surefire-plugin/2.12.4/maven-surefire-plugin-2.12.4.pom for anonymous/10.0.2.2.
2015-08-22 18:37:49,770 [ACCEPTED DEPLOY] jcenter-cache:org/apache/maven/surefire/surefire/2.12.4/surefire-2.12.4.pom for anonymous/10.0.2.2.
2015-08-22 18:37:49,814 [ACCEPTED DEPLOY] libs-release:org/apache/maven/surefire/surefire/2.12.4/surefire-2.12.4.pom for anonymous/10.0.2.2.
2015-08-22 18:37:50,143 [ACCEPTED DEPLOY] jcenter-cache:org/apache/maven/plugins/maven-surefire-plugin/2.12.4/maven-surefire-plugin-2.12.4.jar for anonymous/10.0.2.2.
2015-08-22 18:37:50,468 [ACCEPTED DEPLOY] jcenter-cache:org/apache/maven/plugins/maven-war-plugin/2.2/maven-war-plugin-2.2.pom for anonymous/10.0.2.2.
2015-08-22 18:37:50,513 [ACCEPTED DEPLOY] libs-release:org/apache/maven/plugins/maven-war-plugin/2.2/maven-war-plugin-2.2.pom for anonymous/10.0.2.2.
2015-08-22 18:37:50,888 [ACCEPTED DEPLOY] jcenter-cache:org/apache/maven/plugins/maven-war-plugin/2.2/maven-war-plugin-2.2.jar for anonymous/10.0.2.2.
2015-08-22 18:37:51,363 [ACCEPTED DEPLOY] jcenter-cache:org/apache/maven/plugins/maven-install-plugin/2.4/maven-install-plugin-2.4.pom for anonymous/10.0.2.2.
2015-08-22 18:37:51,520 [ACCEPTED DEPLOY] libs-release:org/apache/maven/plugins/maven-install-plugin/2.4/maven-install-plugin-2.4.pom for anonymous/10.0.2.2.
2015-08-22 18:37:51,829 [ACCEPTED DEPLOY] jcenter-cache:org/apache/maven/plugins/maven-install-plugin/2.4/maven-install-plugin-2.4.jar for anonymous/10.0.2.2.
2015-08-22 18:37:52,157 [ACCEPTED DEPLOY] jcenter-cache:junit/junit/3.8.1/junit-3.8.1.pom for anonymous/10.0.2.2.
2015-08-22 18:37:52,206 [ACCEPTED DEPLOY] libs-release:junit/junit/3.8.1/junit-3.8.1.pom for anonymous/10.0.2.2.
2015-08-22 18:37:52,449 [ACCEPTED DEPLOY] jcenter-cache:org/springframework/spring-core/4.2.0.RELEASE/spring-core-4.2.0.RELEASE.pom for anonymous/10.0.2.2.
2015-08-22 18:37:52,492 [ACCEPTED DEPLOY] libs-release:org/springframework/spring-core/4.2.0.RELEASE/spring-core-4.2.0.RELEASE.pom for anonymous/10.0.2.2.
2015-08-22 18:37:52,735 [ACCEPTED DEPLOY] jcenter-cache:commons-logging/commons-logging/1.2/commons-logging-1.2.pom for anonymous/10.0.2.2.
2015-08-22 18:37:52,799 [ACCEPTED DEPLOY] libs-release:commons-logging/commons-logging/1.2/commons-logging-1.2.pom for anonymous/10.0.2.2.
2015-08-22 18:37:53,058 [ACCEPTED DEPLOY] jcenter-cache:org/apache/commons/commons-parent/34/commons-parent-34.pom for anonymous/10.0.2.2.
2015-08-22 18:37:53,099 [ACCEPTED DEPLOY] libs-release:org/apache/commons/commons-parent/34/commons-parent-34.pom for anonymous/10.0.2.2.
2015-08-22 18:37:53,346 [ACCEPTED DEPLOY] jcenter-cache:org/springframework/spring-webmvc/4.2.0.RELEASE/spring-webmvc-4.2.0.RELEASE.pom for anonymous/10.0.2.2.
2015-08-22 18:37:53,370 [ACCEPTED DEPLOY] libs-release:org/springframework/spring-webmvc/4.2.0.RELEASE/spring-webmvc-4.2.0.RELEASE.pom for anonymous/10.0.2.2.
2015-08-22 18:37:53,633 [ACCEPTED DEPLOY] jcenter-cache:org/springframework/spring-beans/4.2.0.RELEASE/spring-beans-4.2.0.RELEASE.pom for anonymous/10.0.2.2.
2015-08-22 18:37:53,663 [ACCEPTED DEPLOY] libs-release:org/springframework/spring-beans/4.2.0.RELEASE/spring-beans-4.2.0.RELEASE.pom for anonymous/10.0.2.2.
2015-08-22 18:37:53,874 [ACCEPTED DEPLOY] jcenter-cache:org/springframework/spring-context/4.2.0.RELEASE/spring-context-4.2.0.RELEASE.pom for anonymous/10.0.2.2.
2015-08-22 18:37:53,892 [ACCEPTED DEPLOY] libs-release:org/springframework/spring-context/4.2.0.RELEASE/spring-context-4.2.0.RELEASE.pom for anonymous/10.0.2.2.
2015-08-22 18:37:54,160 [ACCEPTED DEPLOY] jcenter-cache:org/springframework/spring-aop/4.2.0.RELEASE/spring-aop-4.2.0.RELEASE.pom for anonymous/10.0.2.2.
2015-08-22 18:37:54,197 [ACCEPTED DEPLOY] libs-release:org/springframework/spring-aop/4.2.0.RELEASE/spring-aop-4.2.0.RELEASE.pom for anonymous/10.0.2.2.
2015-08-22 18:37:54,425 [ACCEPTED DEPLOY] jcenter-cache:aopalliance/aopalliance/1.0/aopalliance-1.0.pom for anonymous/10.0.2.2.
2015-08-22 18:37:54,492 [ACCEPTED DEPLOY] libs-release:aopalliance/aopalliance/1.0/aopalliance-1.0.pom for anonymous/10.0.2.2.
2015-08-22 18:37:54,830 [ACCEPTED DEPLOY] jcenter-cache:org/springframework/spring-expression/4.2.0.RELEASE/spring-expression-4.2.0.RELEASE.pom for anonymous/10.0.2.2.
2015-08-22 18:37:54,898 [ACCEPTED DEPLOY] libs-release:org/springframework/spring-expression/4.2.0.RELEASE/spring-expression-4.2.0.RELEASE.pom for anonymous/10.0.2.2.
2015-08-22 18:37:55,218 [ACCEPTED DEPLOY] jcenter-cache:org/springframework/spring-web/4.2.0.RELEASE/spring-web-4.2.0.RELEASE.pom for anonymous/10.0.2.2.
2015-08-22 18:37:55,238 [ACCEPTED DEPLOY] libs-release:org/springframework/spring-web/4.2.0.RELEASE/spring-web-4.2.0.RELEASE.pom for anonymous/10.0.2.2.
2015-08-22 18:37:55,486 [ACCEPTED DEPLOY] jcenter-cache:org/springframework/spring-orm/4.2.0.RELEASE/spring-orm-4.2.0.RELEASE.pom for anonymous/10.0.2.2.
2015-08-22 18:37:55,505 [ACCEPTED DEPLOY] libs-release:org/springframework/spring-orm/4.2.0.RELEASE/spring-orm-4.2.0.RELEASE.pom for anonymous/10.0.2.2.
2015-08-22 18:37:55,735 [ACCEPTED DEPLOY] jcenter-cache:org/springframework/spring-jdbc/4.2.0.RELEASE/spring-jdbc-4.2.0.RELEASE.pom for anonymous/10.0.2.2.
2015-08-22 18:37:55,782 [ACCEPTED DEPLOY] libs-release:org/springframework/spring-jdbc/4.2.0.RELEASE/spring-jdbc-4.2.0.RELEASE.pom for anonymous/10.0.2.2.
2015-08-22 18:37:56,017 [ACCEPTED DEPLOY] jcenter-cache:org/springframework/spring-tx/4.2.0.RELEASE/spring-tx-4.2.0.RELEASE.pom for anonymous/10.0.2.2.
2015-08-22 18:37:56,036 [ACCEPTED DEPLOY] libs-release:org/springframework/spring-tx/4.2.0.RELEASE/spring-tx-4.2.0.RELEASE.pom for anonymous/10.0.2.2.
2015-08-22 18:37:56,265 [ACCEPTED DEPLOY] jcenter-cache:org/hibernate/hibernate-entitymanager/3.6.9.Final/hibernate-entitymanager-3.6.9.Final.pom for anonymous/10.0.2.2.
2015-08-22 18:37:56,346 [ACCEPTED DEPLOY] libs-release:org/hibernate/hibernate-entitymanager/3.6.9.Final/hibernate-entitymanager-3.6.9.Final.pom for anonymous/10.0.2.2.
2015-08-22 18:37:56,690 [ACCEPTED DEPLOY] jcenter-cache:org/hibernate/hibernate-parent/3.6.9.Final/hibernate-parent-3.6.9.Final.pom for anonymous/10.0.2.2.
2015-08-22 18:37:56,718 [ACCEPTED DEPLOY] libs-release:org/hibernate/hibernate-parent/3.6.9.Final/hibernate-parent-3.6.9.Final.pom for anonymous/10.0.2.2.
2015-08-22 18:37:57,020 [ACCEPTED DEPLOY] jcenter-cache:org/hibernate/hibernate-core/3.6.9.Final/hibernate-core-3.6.9.Final.pom for anonymous/10.0.2.2.
2015-08-22 18:37:57,037 [ACCEPTED DEPLOY] libs-release:org/hibernate/hibernate-core/3.6.9.Final/hibernate-core-3.6.9.Final.pom for anonymous/10.0.2.2.
2015-08-22 18:37:57,257 [ACCEPTED DEPLOY] jcenter-cache:antlr/antlr/2.7.6/antlr-2.7.6.pom for anonymous/10.0.2.2.
2015-08-22 18:37:57,287 [ACCEPTED DEPLOY] libs-release:antlr/antlr/2.7.6/antlr-2.7.6.pom for anonymous/10.0.2.2.
2015-08-22 18:37:57,543 [ACCEPTED DEPLOY] jcenter-cache:commons-collections/commons-collections/3.1/commons-collections-3.1.pom for anonymous/10.0.2.2.
2015-08-22 18:37:57,588 [ACCEPTED DEPLOY] libs-release:commons-collections/commons-collections/3.1/commons-collections-3.1.pom for anonymous/10.0.2.2.
2015-08-22 18:37:57,835 [ACCEPTED DEPLOY] jcenter-cache:dom4j/dom4j/1.6.1/dom4j-1.6.1.pom for anonymous/10.0.2.2.
2015-08-22 18:37:57,854 [ACCEPTED DEPLOY] libs-release:dom4j/dom4j/1.6.1/dom4j-1.6.1.pom for anonymous/10.0.2.2.
2015-08-22 18:37:58,270 [ACCEPTED DEPLOY] jcenter-cache:org/hibernate/hibernate-commons-annotations/3.2.0.Final/hibernate-commons-annotations-3.2.0.Final.pom for anonymous/10.0.2.2.
2015-08-22 18:37:58,285 [ACCEPTED DEPLOY] libs-release:org/hibernate/hibernate-commons-annotations/3.2.0.Final/hibernate-commons-annotations-3.2.0.Final.pom for anonymous/10.0.2.2.
2015-08-22 18:37:58,543 [ACCEPTED DEPLOY] jcenter-cache:org/slf4j/slf4j-api/1.5.8/slf4j-api-1.5.8.pom for anonymous/10.0.2.2.
2015-08-22 18:37:58,560 [ACCEPTED DEPLOY] libs-release:org/slf4j/slf4j-api/1.5.8/slf4j-api-1.5.8.pom for anonymous/10.0.2.2.
2015-08-22 18:37:58,776 [ACCEPTED DEPLOY] jcenter-cache:org/slf4j/slf4j-parent/1.5.8/slf4j-parent-1.5.8.pom for anonymous/10.0.2.2.
2015-08-22 18:37:58,809 [ACCEPTED DEPLOY] libs-release:org/slf4j/slf4j-parent/1.5.8/slf4j-parent-1.5.8.pom for anonymous/10.0.2.2.
2015-08-22 18:37:59,010 [ACCEPTED DEPLOY] jcenter-cache:org/hibernate/javax/persistence/hibernate-jpa-2.0-api/1.0.1.Final/hibernate-jpa-2.0-api-1.0.1.Final.pom for anonymous/10.0.2.2.
2015-08-22 18:37:59,034 [ACCEPTED DEPLOY] libs-release:org/hibernate/javax/persistence/hibernate-jpa-2.0-api/1.0.1.Final/hibernate-jpa-2.0-api-1.0.1.Final.pom for anonymous/10.0.2.2.
2015-08-22 18:37:59,263 [ACCEPTED DEPLOY] jcenter-cache:javax/transaction/jta/1.1/jta-1.1.pom for anonymous/10.0.2.2.
2015-08-22 18:37:59,310 [ACCEPTED DEPLOY] libs-release:javax/transaction/jta/1.1/jta-1.1.pom for anonymous/10.0.2.2.
2015-08-22 18:37:59,524 [ACCEPTED DEPLOY] jcenter-cache:org/slf4j/slf4j-api/1.6.1/slf4j-api-1.6.1.pom for anonymous/10.0.2.2.
2015-08-22 18:37:59,543 [ACCEPTED DEPLOY] libs-release:org/slf4j/slf4j-api/1.6.1/slf4j-api-1.6.1.pom for anonymous/10.0.2.2.
2015-08-22 18:37:59,733 [ACCEPTED DEPLOY] jcenter-cache:org/slf4j/slf4j-parent/1.6.1/slf4j-parent-1.6.1.pom for anonymous/10.0.2.2.
2015-08-22 18:37:59,763 [ACCEPTED DEPLOY] libs-release:org/slf4j/slf4j-parent/1.6.1/slf4j-parent-1.6.1.pom for anonymous/10.0.2.2.
2015-08-22 18:38:00,002 [ACCEPTED DEPLOY] jcenter-cache:cglib/cglib/2.2/cglib-2.2.pom for anonymous/10.0.2.2.
2015-08-22 18:38:00,018 [ACCEPTED DEPLOY] libs-release:cglib/cglib/2.2/cglib-2.2.pom for anonymous/10.0.2.2.
2015-08-22 18:38:00,223 [ACCEPTED DEPLOY] jcenter-cache:asm/asm/3.1/asm-3.1.pom for anonymous/10.0.2.2.
2015-08-22 18:38:00,251 [ACCEPTED DEPLOY] libs-release:asm/asm/3.1/asm-3.1.pom for anonymous/10.0.2.2.
2015-08-22 18:38:00,418 [ACCEPTED DEPLOY] jcenter-cache:asm/asm-parent/3.1/asm-parent-3.1.pom for anonymous/10.0.2.2.
2015-08-22 18:38:00,432 [ACCEPTED DEPLOY] libs-release:asm/asm-parent/3.1/asm-parent-3.1.pom for anonymous/10.0.2.2.
2015-08-22 18:38:00,694 [ACCEPTED DEPLOY] jcenter-cache:javassist/javassist/3.12.0.GA/javassist-3.12.0.GA.pom for anonymous/10.0.2.2.
2015-08-22 18:38:00,729 [ACCEPTED DEPLOY] libs-release:javassist/javassist/3.12.0.GA/javassist-3.12.0.GA.pom for anonymous/10.0.2.2.
2015-08-22 18:38:01,001 [ACCEPTED DEPLOY] jcenter-cache:mysql/mysql-connector-java/5.1.9/mysql-connector-java-5.1.9.pom for anonymous/10.0.2.2.
2015-08-22 18:38:01,027 [ACCEPTED DEPLOY] libs-release:mysql/mysql-connector-java/5.1.9/mysql-connector-java-5.1.9.pom for anonymous/10.0.2.2.
2015-08-22 18:38:01,213 [ACCEPTED DEPLOY] jcenter-cache:commons-dbcp/commons-dbcp/1.4/commons-dbcp-1.4.pom for anonymous/10.0.2.2.
2015-08-22 18:38:01,232 [ACCEPTED DEPLOY] libs-release:commons-dbcp/commons-dbcp/1.4/commons-dbcp-1.4.pom for anonymous/10.0.2.2.
2015-08-22 18:38:01,842 [ACCEPTED DEPLOY] jcenter-cache:org/apache/commons/commons-parent/12/commons-parent-12.pom for anonymous/10.0.2.2.
2015-08-22 18:38:01,932 [ACCEPTED DEPLOY] libs-release:org/apache/commons/commons-parent/12/commons-parent-12.pom for anonymous/10.0.2.2.
2015-08-22 18:38:02,254 [ACCEPTED DEPLOY] jcenter-cache:org/apache/apache/4/apache-4.pom for anonymous/10.0.2.2.
2015-08-22 18:38:02,277 [ACCEPTED DEPLOY] libs-release:org/apache/apache/4/apache-4.pom for anonymous/10.0.2.2.
2015-08-22 18:38:02,546 [ACCEPTED DEPLOY] jcenter-cache:commons-pool/commons-pool/1.5.4/commons-pool-1.5.4.pom for anonymous/10.0.2.2.
2015-08-22 18:38:02,577 [ACCEPTED DEPLOY] libs-release:commons-pool/commons-pool/1.5.4/commons-pool-1.5.4.pom for anonymous/10.0.2.2.
2015-08-22 18:38:02,806 [ACCEPTED DEPLOY] jcenter-cache:com/fasterxml/jackson/core/jackson-databind/2.2.3/jackson-databind-2.2.3.pom for anonymous/10.0.2.2.
2015-08-22 18:38:02,842 [ACCEPTED DEPLOY] libs-release:com/fasterxml/jackson/core/jackson-databind/2.2.3/jackson-databind-2.2.3.pom for anonymous/10.0.2.2.
2015-08-22 18:38:03,105 [ACCEPTED DEPLOY] jcenter-cache:com/fasterxml/oss-parent/11/oss-parent-11.pom for anonymous/10.0.2.2.
2015-08-22 18:38:03,159 [ACCEPTED DEPLOY] libs-release:com/fasterxml/oss-parent/11/oss-parent-11.pom for anonymous/10.0.2.2.
2015-08-22 18:38:03,421 [ACCEPTED DEPLOY] jcenter-cache:com/fasterxml/jackson/core/jackson-annotations/2.2.3/jackson-annotations-2.2.3.pom for anonymous/10.0.2.2.
2015-08-22 18:38:03,452 [ACCEPTED DEPLOY] libs-release:com/fasterxml/jackson/core/jackson-annotations/2.2.3/jackson-annotations-2.2.3.pom for anonymous/10.0.2.2.
2015-08-22 18:38:03,716 [ACCEPTED DEPLOY] jcenter-cache:com/fasterxml/oss-parent/10/oss-parent-10.pom for anonymous/10.0.2.2.
2015-08-22 18:38:03,748 [ACCEPTED DEPLOY] libs-release:com/fasterxml/oss-parent/10/oss-parent-10.pom for anonymous/10.0.2.2.
2015-08-22 18:38:04,140 [ACCEPTED DEPLOY] jcenter-cache:com/fasterxml/jackson/core/jackson-core/2.2.3/jackson-core-2.2.3.pom for anonymous/10.0.2.2.
2015-08-22 18:38:04,166 [ACCEPTED DEPLOY] libs-release:com/fasterxml/jackson/core/jackson-core/2.2.3/jackson-core-2.2.3.pom for anonymous/10.0.2.2.
2015-08-22 18:38:04,588 [ACCEPTED DEPLOY] jcenter-cache:org/slf4j/slf4j-api/1.7.5/slf4j-api-1.7.5.pom for anonymous/10.0.2.2.
2015-08-22 18:38:04,622 [ACCEPTED DEPLOY] libs-release:org/slf4j/slf4j-api/1.7.5/slf4j-api-1.7.5.pom for anonymous/10.0.2.2.
2015-08-22 18:38:04,933 [ACCEPTED DEPLOY] jcenter-cache:org/slf4j/slf4j-parent/1.7.5/slf4j-parent-1.7.5.pom for anonymous/10.0.2.2.
2015-08-22 18:38:04,954 [ACCEPTED DEPLOY] libs-release:org/slf4j/slf4j-parent/1.7.5/slf4j-parent-1.7.5.pom for anonymous/10.0.2.2.
2015-08-22 18:38:05,168 [ACCEPTED DEPLOY] jcenter-cache:ch/qos/logback/logback-classic/1.0.13/logback-classic-1.0.13.pom for anonymous/10.0.2.2.
2015-08-22 18:38:05,200 [ACCEPTED DEPLOY] libs-release:ch/qos/logback/logback-classic/1.0.13/logback-classic-1.0.13.pom for anonymous/10.0.2.2.
2015-08-22 18:38:05,471 [ACCEPTED DEPLOY] jcenter-cache:ch/qos/logback/logback-parent/1.0.13/logback-parent-1.0.13.pom for anonymous/10.0.2.2.
2015-08-22 18:38:05,502 [ACCEPTED DEPLOY] libs-release:ch/qos/logback/logback-parent/1.0.13/logback-parent-1.0.13.pom for anonymous/10.0.2.2.
2015-08-22 18:38:05,718 [ACCEPTED DEPLOY] jcenter-cache:ch/qos/logback/logback-core/1.0.13/logback-core-1.0.13.pom for anonymous/10.0.2.2.
2015-08-22 18:38:05,740 [ACCEPTED DEPLOY] libs-release:ch/qos/logback/logback-core/1.0.13/logback-core-1.0.13.pom for anonymous/10.0.2.2.
2015-08-22 18:38:06,194 [ACCEPTED DEPLOY] jcenter-cache:junit/junit/3.8.1/junit-3.8.1.jar for anonymous/10.0.2.2.
2015-08-22 18:38:06,249 [ACCEPTED DEPLOY] jcenter-cache:commons-logging/commons-logging/1.2/commons-logging-1.2.jar for anonymous/10.0.2.2.
2015-08-22 18:38:08,030 [ACCEPTED DEPLOY] jcenter-cache:org/springframework/spring-beans/4.2.0.RELEASE/spring-beans-4.2.0.RELEASE.jar for anonymous/10.0.2.2.
2015-08-22 18:38:08,160 [ACCEPTED DEPLOY] jcenter-cache:org/springframework/spring-aop/4.2.0.RELEASE/spring-aop-4.2.0.RELEASE.jar for anonymous/10.0.2.2.
2015-08-22 18:38:08,257 [ACCEPTED DEPLOY] jcenter-cache:aopalliance/aopalliance/1.0/aopalliance-1.0.jar for anonymous/10.0.2.2.
2015-08-22 18:38:08,772 [ACCEPTED DEPLOY] jcenter-cache:org/springframework/spring-context/4.2.0.RELEASE/spring-context-4.2.0.RELEASE.jar for anonymous/10.0.2.2.
2015-08-22 18:38:09,129 [ACCEPTED DEPLOY] jcenter-cache:org/springframework/spring-core/4.2.0.RELEASE/spring-core-4.2.0.RELEASE.jar for anonymous/10.0.2.2.
2015-08-22 18:38:09,168 [ACCEPTED DEPLOY] jcenter-cache:org/springframework/spring-webmvc/4.2.0.RELEASE/spring-webmvc-4.2.0.RELEASE.jar for anonymous/10.0.2.2.
2015-08-22 18:38:09,334 [ACCEPTED DEPLOY] jcenter-cache:org/springframework/spring-expression/4.2.0.RELEASE/spring-expression-4.2.0.RELEASE.jar for anonymous/10.0.2.2.
2015-08-22 18:38:10,296 [ACCEPTED DEPLOY] jcenter-cache:org/springframework/spring-orm/4.2.0.RELEASE/spring-orm-4.2.0.RELEASE.jar for anonymous/10.0.2.2.
2015-08-22 18:38:10,345 [ACCEPTED DEPLOY] jcenter-cache:org/springframework/spring-web/4.2.0.RELEASE/spring-web-4.2.0.RELEASE.jar for anonymous/10.0.2.2.
2015-08-22 18:38:10,403 [ACCEPTED DEPLOY] jcenter-cache:org/springframework/spring-tx/4.2.0.RELEASE/spring-tx-4.2.0.RELEASE.jar for anonymous/10.0.2.2.
2015-08-22 18:38:10,478 [ACCEPTED DEPLOY] jcenter-cache:org/springframework/spring-jdbc/4.2.0.RELEASE/spring-jdbc-4.2.0.RELEASE.jar for anonymous/10.0.2.2.
2015-08-22 18:38:10,571 [ACCEPTED DEPLOY] jcenter-cache:asm/asm/3.1/asm-3.1.jar for anonymous/10.0.2.2.
2015-08-22 18:38:10,812 [ACCEPTED DEPLOY] jcenter-cache:org/hibernate/javax/persistence/hibernate-jpa-2.0-api/1.0.1.Final/hibernate-jpa-2.0-api-1.0.1.Final.jar for anonymous/10.0.2.2.
2015-08-22 18:38:10,962 [ACCEPTED DEPLOY] jcenter-cache:org/hibernate/hibernate-entitymanager/3.6.9.Final/hibernate-entitymanager-3.6.9.Final.jar for anonymous/10.0.2.2.
2015-08-22 18:38:11,279 [ACCEPTED DEPLOY] jcenter-cache:cglib/cglib/2.2/cglib-2.2.jar for anonymous/10.0.2.2.
2015-08-22 18:38:11,991 [ACCEPTED DEPLOY] jcenter-cache:javassist/javassist/3.12.0.GA/javassist-3.12.0.GA.jar for anonymous/10.0.2.2.
2015-08-22 18:38:12,201 [ACCEPTED DEPLOY] jcenter-cache:dom4j/dom4j/1.6.1/dom4j-1.6.1.jar for anonymous/10.0.2.2.
2015-08-22 18:38:12,369 [ACCEPTED DEPLOY] jcenter-cache:org/hibernate/hibernate-commons-annotations/3.2.0.Final/hibernate-commons-annotations-3.2.0.Final.jar for anonymous/10.0.2.2.
2015-08-22 18:38:12,436 [ACCEPTED DEPLOY] jcenter-cache:antlr/antlr/2.7.6/antlr-2.7.6.jar for anonymous/10.0.2.2.
2015-08-22 18:38:12,479 [ACCEPTED DEPLOY] jcenter-cache:commons-collections/commons-collections/3.1/commons-collections-3.1.jar for anonymous/10.0.2.2.
2015-08-22 18:38:12,501 [ACCEPTED DEPLOY] jcenter-cache:javax/transaction/jta/1.1/jta-1.1.jar for anonymous/10.0.2.2.
2015-08-22 18:38:12,797 [ACCEPTED DEPLOY] jcenter-cache:commons-dbcp/commons-dbcp/1.4/commons-dbcp-1.4.jar for anonymous/10.0.2.2.
2015-08-22 18:38:12,820 [ACCEPTED DEPLOY] jcenter-cache:commons-pool/commons-pool/1.5.4/commons-pool-1.5.4.jar for anonymous/10.0.2.2.
2015-08-22 18:38:13,249 [ACCEPTED DEPLOY] jcenter-cache:com/fasterxml/jackson/core/jackson-annotations/2.2.3/jackson-annotations-2.2.3.jar for anonymous/10.0.2.2.
2015-08-22 18:38:13,430 [ACCEPTED DEPLOY] jcenter-cache:org/slf4j/slf4j-api/1.7.5/slf4j-api-1.7.5.jar for anonymous/10.0.2.2.
2015-08-22 18:38:13,486 [ACCEPTED DEPLOY] jcenter-cache:com/fasterxml/jackson/core/jackson-core/2.2.3/jackson-core-2.2.3.jar for anonymous/10.0.2.2.
2015-08-22 18:38:14,217 [ACCEPTED DEPLOY] jcenter-cache:mysql/mysql-connector-java/5.1.9/mysql-connector-java-5.1.9.jar for anonymous/10.0.2.2.
2015-08-22 18:38:14,549 [ACCEPTED DEPLOY] jcenter-cache:ch/qos/logback/logback-classic/1.0.13/logback-classic-1.0.13.jar for anonymous/10.0.2.2.
2015-08-22 18:38:14,617 [ACCEPTED DEPLOY] jcenter-cache:ch/qos/logback/logback-core/1.0.13/logback-core-1.0.13.jar for anonymous/10.0.2.2.
2015-08-22 18:38:14,903 [ACCEPTED DEPLOY] jcenter-cache:com/fasterxml/jackson/core/jackson-databind/2.2.3/jackson-databind-2.2.3.jar for anonymous/10.0.2.2.
2015-08-22 18:38:17,789 [ACCEPTED DEPLOY] jcenter-cache:org/hibernate/hibernate-core/3.6.9.Final/hibernate-core-3.6.9.Final.jar for anonymous/10.0.2.2.
2015-08-22 18:38:18,300 [ACCEPTED DEPLOY] jcenter-cache:org/apache/maven/maven-plugin-api/2.0.6/maven-plugin-api-2.0.6.pom for anonymous/10.0.2.2.
2015-08-22 18:38:18,316 [ACCEPTED DEPLOY] libs-release:org/apache/maven/maven-plugin-api/2.0.6/maven-plugin-api-2.0.6.pom for anonymous/10.0.2.2.
2015-08-22 18:38:18,597 [ACCEPTED DEPLOY] jcenter-cache:org/apache/maven/maven/2.0.6/maven-2.0.6.pom for anonymous/10.0.2.2.
2015-08-22 18:38:18,661 [ACCEPTED DEPLOY] libs-release:org/apache/maven/maven/2.0.6/maven-2.0.6.pom for anonymous/10.0.2.2.
2015-08-22 18:38:18,946 [ACCEPTED DEPLOY] jcenter-cache:org/apache/maven/maven-parent/5/maven-parent-5.pom for anonymous/10.0.2.2.
2015-08-22 18:38:18,985 [ACCEPTED DEPLOY] libs-release:org/apache/maven/maven-parent/5/maven-parent-5.pom for anonymous/10.0.2.2.
2015-08-22 18:38:19,173 [ACCEPTED DEPLOY] jcenter-cache:org/apache/apache/3/apache-3.pom for anonymous/10.0.2.2.
2015-08-22 18:38:19,244 [ACCEPTED DEPLOY] libs-release:org/apache/apache/3/apache-3.pom for anonymous/10.0.2.2.
2015-08-22 18:38:19,517 [ACCEPTED DEPLOY] jcenter-cache:org/codehaus/plexus/plexus-utils/3.0/plexus-utils-3.0.pom for anonymous/10.0.2.2.
2015-08-22 18:38:19,566 [ACCEPTED DEPLOY] libs-release:org/codehaus/plexus/plexus-utils/3.0/plexus-utils-3.0.pom for anonymous/10.0.2.2.
2015-08-22 18:38:19,819 [ACCEPTED DEPLOY] jcenter-cache:org/sonatype/spice/spice-parent/16/spice-parent-16.pom for anonymous/10.0.2.2.
2015-08-22 18:38:19,867 [ACCEPTED DEPLOY] libs-release:org/sonatype/spice/spice-parent/16/spice-parent-16.pom for anonymous/10.0.2.2.
2015-08-22 18:38:20,099 [ACCEPTED DEPLOY] jcenter-cache:org/sonatype/forge/forge-parent/5/forge-parent-5.pom for anonymous/10.0.2.2.
2015-08-22 18:38:20,146 [ACCEPTED DEPLOY] libs-release:org/sonatype/forge/forge-parent/5/forge-parent-5.pom for anonymous/10.0.2.2.
2015-08-22 18:38:20,368 [ACCEPTED DEPLOY] jcenter-cache:org/apache/maven/maven-plugin-api/2.0.6/maven-plugin-api-2.0.6.jar for anonymous/10.0.2.2.
2015-08-22 18:38:21,162 [ACCEPTED DEPLOY] jcenter-cache:org/codehaus/plexus/plexus-utils/3.0/plexus-utils-3.0.jar for anonymous/10.0.2.2.
2015-08-22 18:38:22,036 [ACCEPTED DEPLOY] jcenter-cache:org/apache/maven/maven-project/2.0.6/maven-project-2.0.6.pom for anonymous/10.0.2.2.
2015-08-22 18:38:22,072 [ACCEPTED DEPLOY] libs-release:org/apache/maven/maven-project/2.0.6/maven-project-2.0.6.pom for anonymous/10.0.2.2.
2015-08-22 18:38:22,380 [ACCEPTED DEPLOY] jcenter-cache:org/apache/maven/maven-settings/2.0.6/maven-settings-2.0.6.pom for anonymous/10.0.2.2.
2015-08-22 18:38:22,421 [ACCEPTED DEPLOY] libs-release:org/apache/maven/maven-settings/2.0.6/maven-settings-2.0.6.pom for anonymous/10.0.2.2.
2015-08-22 18:38:22,710 [ACCEPTED DEPLOY] jcenter-cache:org/apache/maven/maven-model/2.0.6/maven-model-2.0.6.pom for anonymous/10.0.2.2.
2015-08-22 18:38:22,754 [ACCEPTED DEPLOY] libs-release:org/apache/maven/maven-model/2.0.6/maven-model-2.0.6.pom for anonymous/10.0.2.2.
2015-08-22 18:38:23,017 [ACCEPTED DEPLOY] jcenter-cache:org/codehaus/plexus/plexus-utils/1.4.1/plexus-utils-1.4.1.pom for anonymous/10.0.2.2.
2015-08-22 18:38:23,048 [ACCEPTED DEPLOY] libs-release:org/codehaus/plexus/plexus-utils/1.4.1/plexus-utils-1.4.1.pom for anonymous/10.0.2.2.
2015-08-22 18:38:23,252 [ACCEPTED DEPLOY] jcenter-cache:org/codehaus/plexus/plexus/1.0.11/plexus-1.0.11.pom for anonymous/10.0.2.2.
2015-08-22 18:38:23,351 [ACCEPTED DEPLOY] libs-release:org/codehaus/plexus/plexus/1.0.11/plexus-1.0.11.pom for anonymous/10.0.2.2.
2015-08-22 18:38:23,581 [ACCEPTED DEPLOY] jcenter-cache:org/codehaus/plexus/plexus-container-default/1.0-alpha-9-stable-1/plexus-container-default-1.0-alpha-9-stable-1.pom for anonymous/10.0.2.2.
2015-08-22 18:38:23,624 [ACCEPTED DEPLOY] libs-release:org/codehaus/plexus/plexus-container-default/1.0-alpha-9-stable-1/plexus-container-default-1.0-alpha-9-stable-1.pom for anonymous/10.0.2.2.
2015-08-22 18:38:23,842 [ACCEPTED DEPLOY] jcenter-cache:org/codehaus/plexus/plexus-containers/1.0.3/plexus-containers-1.0.3.pom for anonymous/10.0.2.2.
2015-08-22 18:38:23,887 [ACCEPTED DEPLOY] libs-release:org/codehaus/plexus/plexus-containers/1.0.3/plexus-containers-1.0.3.pom for anonymous/10.0.2.2.
2015-08-22 18:38:24,104 [ACCEPTED DEPLOY] jcenter-cache:org/codehaus/plexus/plexus/1.0.4/plexus-1.0.4.pom for anonymous/10.0.2.2.
2015-08-22 18:38:24,167 [ACCEPTED DEPLOY] libs-release:org/codehaus/plexus/plexus/1.0.4/plexus-1.0.4.pom for anonymous/10.0.2.2.
2015-08-22 18:38:24,438 [ACCEPTED DEPLOY] jcenter-cache:org/codehaus/plexus/plexus-utils/1.0.4/plexus-utils-1.0.4.pom for anonymous/10.0.2.2.
2015-08-22 18:38:24,549 [ACCEPTED DEPLOY] libs-release:org/codehaus/plexus/plexus-utils/1.0.4/plexus-utils-1.0.4.pom for anonymous/10.0.2.2.
2015-08-22 18:38:24,781 [ACCEPTED DEPLOY] jcenter-cache:classworlds/classworlds/1.1-alpha-2/classworlds-1.1-alpha-2.pom for anonymous/10.0.2.2.
2015-08-22 18:38:24,822 [ACCEPTED DEPLOY] libs-release:classworlds/classworlds/1.1-alpha-2/classworlds-1.1-alpha-2.pom for anonymous/10.0.2.2.
2015-08-22 18:38:25,014 [ACCEPTED DEPLOY] jcenter-cache:org/apache/maven/maven-profile/2.0.6/maven-profile-2.0.6.pom for anonymous/10.0.2.2.
2015-08-22 18:38:25,060 [ACCEPTED DEPLOY] libs-release:org/apache/maven/maven-profile/2.0.6/maven-profile-2.0.6.pom for anonymous/10.0.2.2.
2015-08-22 18:38:25,278 [ACCEPTED DEPLOY] jcenter-cache:org/apache/maven/maven-artifact-manager/2.0.6/maven-artifact-manager-2.0.6.pom for anonymous/10.0.2.2.
2015-08-22 18:38:25,321 [ACCEPTED DEPLOY] libs-release:org/apache/maven/maven-artifact-manager/2.0.6/maven-artifact-manager-2.0.6.pom for anonymous/10.0.2.2.
2015-08-22 18:38:25,543 [ACCEPTED DEPLOY] jcenter-cache:org/apache/maven/maven-repository-metadata/2.0.6/maven-repository-metadata-2.0.6.pom for anonymous/10.0.2.2.
2015-08-22 18:38:25,588 [ACCEPTED DEPLOY] libs-release:org/apache/maven/maven-repository-metadata/2.0.6/maven-repository-metadata-2.0.6.pom for anonymous/10.0.2.2.
2015-08-22 18:38:25,811 [ACCEPTED DEPLOY] jcenter-cache:org/apache/maven/maven-artifact/2.0.6/maven-artifact-2.0.6.pom for anonymous/10.0.2.2.
2015-08-22 18:38:25,853 [ACCEPTED DEPLOY] libs-release:org/apache/maven/maven-artifact/2.0.6/maven-artifact-2.0.6.pom for anonymous/10.0.2.2.
2015-08-22 18:38:26,096 [ACCEPTED DEPLOY] jcenter-cache:org/apache/maven/maven-plugin-registry/2.0.6/maven-plugin-registry-2.0.6.pom for anonymous/10.0.2.2.
2015-08-22 18:38:26,142 [ACCEPTED DEPLOY] libs-release:org/apache/maven/maven-plugin-registry/2.0.6/maven-plugin-registry-2.0.6.pom for anonymous/10.0.2.2.
2015-08-22 18:38:26,441 [ACCEPTED DEPLOY] jcenter-cache:org/apache/maven/maven-core/2.0.6/maven-core-2.0.6.pom for anonymous/10.0.2.2.
2015-08-22 18:38:26,531 [ACCEPTED DEPLOY] libs-release:org/apache/maven/maven-core/2.0.6/maven-core-2.0.6.pom for anonymous/10.0.2.2.
2015-08-22 18:38:26,783 [ACCEPTED DEPLOY] jcenter-cache:org/apache/maven/maven-plugin-parameter-documenter/2.0.6/maven-plugin-parameter-documenter-2.0.6.pom for anonymous/10.0.2.2.
2015-08-22 18:38:26,816 [ACCEPTED DEPLOY] libs-release:org/apache/maven/maven-plugin-parameter-documenter/2.0.6/maven-plugin-parameter-documenter-2.0.6.pom for anonymous/10.0.2.2.
2015-08-22 18:38:27,038 [ACCEPTED DEPLOY] jcenter-cache:org/apache/maven/reporting/maven-reporting-api/2.0.6/maven-reporting-api-2.0.6.pom for anonymous/10.0.2.2.
2015-08-22 18:38:27,091 [ACCEPTED DEPLOY] libs-release:org/apache/maven/reporting/maven-reporting-api/2.0.6/maven-reporting-api-2.0.6.pom for anonymous/10.0.2.2.
2015-08-22 18:38:27,303 [ACCEPTED DEPLOY] jcenter-cache:org/apache/maven/reporting/maven-reporting/2.0.6/maven-reporting-2.0.6.pom for anonymous/10.0.2.2.
2015-08-22 18:38:27,348 [ACCEPTED DEPLOY] libs-release:org/apache/maven/reporting/maven-reporting/2.0.6/maven-reporting-2.0.6.pom for anonymous/10.0.2.2.
2015-08-22 18:38:27,546 [ACCEPTED DEPLOY] jcenter-cache:org/apache/maven/doxia/doxia-sink-api/1.0-alpha-7/doxia-sink-api-1.0-alpha-7.pom for anonymous/10.0.2.2.
2015-08-22 18:38:27,600 [ACCEPTED DEPLOY] libs-release:org/apache/maven/doxia/doxia-sink-api/1.0-alpha-7/doxia-sink-api-1.0-alpha-7.pom for anonymous/10.0.2.2.
2015-08-22 18:38:27,859 [ACCEPTED DEPLOY] jcenter-cache:org/apache/maven/doxia/doxia/1.0-alpha-7/doxia-1.0-alpha-7.pom for anonymous/10.0.2.2.
2015-08-22 18:38:27,894 [ACCEPTED DEPLOY] libs-release:org/apache/maven/doxia/doxia/1.0-alpha-7/doxia-1.0-alpha-7.pom for anonymous/10.0.2.2.
2015-08-22 18:38:28,118 [ACCEPTED DEPLOY] jcenter-cache:org/apache/maven/maven-error-diagnostics/2.0.6/maven-error-diagnostics-2.0.6.pom for anonymous/10.0.2.2.
2015-08-22 18:38:28,165 [ACCEPTED DEPLOY] libs-release:org/apache/maven/maven-error-diagnostics/2.0.6/maven-error-diagnostics-2.0.6.pom for anonymous/10.0.2.2.
2015-08-22 18:38:28,398 [ACCEPTED DEPLOY] jcenter-cache:commons-cli/commons-cli/1.0/commons-cli-1.0.pom for anonymous/10.0.2.2.
2015-08-22 18:38:28,453 [ACCEPTED DEPLOY] libs-release:commons-cli/commons-cli/1.0/commons-cli-1.0.pom for anonymous/10.0.2.2.
2015-08-22 18:38:28,675 [ACCEPTED DEPLOY] jcenter-cache:org/apache/maven/maven-plugin-descriptor/2.0.6/maven-plugin-descriptor-2.0.6.pom for anonymous/10.0.2.2.
2015-08-22 18:38:28,720 [ACCEPTED DEPLOY] libs-release:org/apache/maven/maven-plugin-descriptor/2.0.6/maven-plugin-descriptor-2.0.6.pom for anonymous/10.0.2.2.
2015-08-22 18:38:28,989 [ACCEPTED DEPLOY] jcenter-cache:org/codehaus/plexus/plexus-interactivity-api/1.0-alpha-4/plexus-interactivity-api-1.0-alpha-4.pom for anonymous/10.0.2.2.
2015-08-22 18:38:29,050 [ACCEPTED DEPLOY] libs-release:org/codehaus/plexus/plexus-interactivity-api/1.0-alpha-4/plexus-interactivity-api-1.0-alpha-4.pom for anonymous/10.0.2.2.
2015-08-22 18:38:29,290 [ACCEPTED DEPLOY] jcenter-cache:org/apache/maven/maven-monitor/2.0.6/maven-monitor-2.0.6.pom for anonymous/10.0.2.2.
2015-08-22 18:38:29,332 [ACCEPTED DEPLOY] libs-release:org/apache/maven/maven-monitor/2.0.6/maven-monitor-2.0.6.pom for anonymous/10.0.2.2.
2015-08-22 18:38:29,565 [ACCEPTED DEPLOY] jcenter-cache:classworlds/classworlds/1.1/classworlds-1.1.pom for anonymous/10.0.2.2.
2015-08-22 18:38:29,607 [ACCEPTED DEPLOY] libs-release:classworlds/classworlds/1.1/classworlds-1.1.pom for anonymous/10.0.2.2.
2015-08-22 18:38:29,849 [ACCEPTED DEPLOY] jcenter-cache:org/codehaus/plexus/plexus-utils/2.0.5/plexus-utils-2.0.5.pom for anonymous/10.0.2.2.
2015-08-22 18:38:29,888 [ACCEPTED DEPLOY] libs-release:org/codehaus/plexus/plexus-utils/2.0.5/plexus-utils-2.0.5.pom for anonymous/10.0.2.2.
2015-08-22 18:38:30,147 [ACCEPTED DEPLOY] jcenter-cache:org/codehaus/plexus/plexus/2.0.6/plexus-2.0.6.pom for anonymous/10.0.2.2.
2015-08-22 18:38:30,187 [ACCEPTED DEPLOY] libs-release:org/codehaus/plexus/plexus/2.0.6/plexus-2.0.6.pom for anonymous/10.0.2.2.
2015-08-22 18:38:30,419 [ACCEPTED DEPLOY] jcenter-cache:org/apache/maven/shared/maven-filtering/1.1/maven-filtering-1.1.pom for anonymous/10.0.2.2.
2015-08-22 18:38:30,467 [ACCEPTED DEPLOY] libs-release:org/apache/maven/shared/maven-filtering/1.1/maven-filtering-1.1.pom for anonymous/10.0.2.2.
2015-08-22 18:38:30,687 [ACCEPTED DEPLOY] jcenter-cache:org/apache/maven/shared/maven-shared-components/17/maven-shared-components-17.pom for anonymous/10.0.2.2.
2015-08-22 18:38:30,754 [ACCEPTED DEPLOY] libs-release:org/apache/maven/shared/maven-shared-components/17/maven-shared-components-17.pom for anonymous/10.0.2.2.
2015-08-22 18:38:31,084 [ACCEPTED DEPLOY] jcenter-cache:org/codehaus/plexus/plexus-utils/1.5.15/plexus-utils-1.5.15.pom for anonymous/10.0.2.2.
2015-08-22 18:38:31,131 [ACCEPTED DEPLOY] libs-release:org/codehaus/plexus/plexus-utils/1.5.15/plexus-utils-1.5.15.pom for anonymous/10.0.2.2.
2015-08-22 18:38:31,500 [ACCEPTED DEPLOY] jcenter-cache:org/codehaus/plexus/plexus/2.0.2/plexus-2.0.2.pom for anonymous/10.0.2.2.
2015-08-22 18:38:31,631 [ACCEPTED DEPLOY] libs-release:org/codehaus/plexus/plexus/2.0.2/plexus-2.0.2.pom for anonymous/10.0.2.2.
2015-08-22 18:38:31,941 [ACCEPTED DEPLOY] jcenter-cache:org/codehaus/plexus/plexus-interpolation/1.12/plexus-interpolation-1.12.pom for anonymous/10.0.2.2.
2015-08-22 18:38:31,987 [ACCEPTED DEPLOY] libs-release:org/codehaus/plexus/plexus-interpolation/1.12/plexus-interpolation-1.12.pom for anonymous/10.0.2.2.
2015-08-22 18:38:32,237 [ACCEPTED DEPLOY] jcenter-cache:org/codehaus/plexus/plexus-components/1.1.14/plexus-components-1.1.14.pom for anonymous/10.0.2.2.
2015-08-22 18:38:32,298 [ACCEPTED DEPLOY] libs-release:org/codehaus/plexus/plexus-components/1.1.14/plexus-components-1.1.14.pom for anonymous/10.0.2.2.
2015-08-22 18:38:32,525 [ACCEPTED DEPLOY] jcenter-cache:org/sonatype/plexus/plexus-build-api/0.0.4/plexus-build-api-0.0.4.pom for anonymous/10.0.2.2.
2015-08-22 18:38:32,574 [ACCEPTED DEPLOY] libs-release:org/sonatype/plexus/plexus-build-api/0.0.4/plexus-build-api-0.0.4.pom for anonymous/10.0.2.2.
2015-08-22 18:38:32,779 [ACCEPTED DEPLOY] jcenter-cache:org/sonatype/spice/spice-parent/10/spice-parent-10.pom for anonymous/10.0.2.2.
2015-08-22 18:38:32,821 [ACCEPTED DEPLOY] libs-release:org/sonatype/spice/spice-parent/10/spice-parent-10.pom for anonymous/10.0.2.2.
2015-08-22 18:38:33,037 [ACCEPTED DEPLOY] jcenter-cache:org/sonatype/forge/forge-parent/3/forge-parent-3.pom for anonymous/10.0.2.2.
2015-08-22 18:38:33,071 [ACCEPTED DEPLOY] libs-release:org/sonatype/forge/forge-parent/3/forge-parent-3.pom for anonymous/10.0.2.2.
2015-08-22 18:38:33,280 [ACCEPTED DEPLOY] jcenter-cache:org/codehaus/plexus/plexus-utils/1.5.8/plexus-utils-1.5.8.pom for anonymous/10.0.2.2.
2015-08-22 18:38:33,316 [ACCEPTED DEPLOY] libs-release:org/codehaus/plexus/plexus-utils/1.5.8/plexus-utils-1.5.8.pom for anonymous/10.0.2.2.
2015-08-22 18:38:33,596 [ACCEPTED DEPLOY] jcenter-cache:org/codehaus/plexus/plexus-interpolation/1.13/plexus-interpolation-1.13.pom for anonymous/10.0.2.2.
2015-08-22 18:38:33,643 [ACCEPTED DEPLOY] libs-release:org/codehaus/plexus/plexus-interpolation/1.13/plexus-interpolation-1.13.pom for anonymous/10.0.2.2.
2015-08-22 18:38:33,994 [ACCEPTED DEPLOY] jcenter-cache:org/codehaus/plexus/plexus-components/1.1.15/plexus-components-1.1.15.pom for anonymous/10.0.2.2.
2015-08-22 18:38:34,027 [ACCEPTED DEPLOY] libs-release:org/codehaus/plexus/plexus-components/1.1.15/plexus-components-1.1.15.pom for anonymous/10.0.2.2.
2015-08-22 18:38:34,296 [ACCEPTED DEPLOY] jcenter-cache:org/codehaus/plexus/plexus/2.0.3/plexus-2.0.3.pom for anonymous/10.0.2.2.
2015-08-22 18:38:34,327 [ACCEPTED DEPLOY] libs-release:org/codehaus/plexus/plexus/2.0.3/plexus-2.0.3.pom for anonymous/10.0.2.2.
2015-08-22 18:38:34,618 [ACCEPTED DEPLOY] jcenter-cache:org/apache/maven/maven-profile/2.0.6/maven-profile-2.0.6.jar for anonymous/10.0.2.2.
2015-08-22 18:38:34,714 [ACCEPTED DEPLOY] jcenter-cache:org/apache/maven/maven-plugin-registry/2.0.6/maven-plugin-registry-2.0.6.jar for anonymous/10.0.2.2.
2015-08-22 18:38:34,748 [ACCEPTED DEPLOY] jcenter-cache:org/apache/maven/maven-artifact-manager/2.0.6/maven-artifact-manager-2.0.6.jar for anonymous/10.0.2.2.
2015-08-22 18:38:34,815 [ACCEPTED DEPLOY] jcenter-cache:org/apache/maven/maven-core/2.0.6/maven-core-2.0.6.jar for anonymous/10.0.2.2.
2015-08-22 18:38:34,844 [ACCEPTED DEPLOY] jcenter-cache:org/apache/maven/maven-project/2.0.6/maven-project-2.0.6.jar for anonymous/10.0.2.2.
2015-08-22 18:38:34,857 [ACCEPTED DEPLOY] jcenter-cache:org/apache/maven/maven-plugin-parameter-documenter/2.0.6/maven-plugin-parameter-documenter-2.0.6.jar for anonymous/10.0.2.2.
2015-08-22 18:38:34,997 [ACCEPTED DEPLOY] jcenter-cache:org/apache/maven/reporting/maven-reporting-api/2.0.6/maven-reporting-api-2.0.6.jar for anonymous/10.0.2.2.
2015-08-22 18:38:35,015 [ACCEPTED DEPLOY] jcenter-cache:org/apache/maven/doxia/doxia-sink-api/1.0-alpha-7/doxia-sink-api-1.0-alpha-7.jar for anonymous/10.0.2.2.
2015-08-22 18:38:35,103 [ACCEPTED DEPLOY] jcenter-cache:org/apache/maven/maven-repository-metadata/2.0.6/maven-repository-metadata-2.0.6.jar for anonymous/10.0.2.2.
2015-08-22 18:38:35,148 [ACCEPTED DEPLOY] jcenter-cache:org/apache/maven/maven-error-diagnostics/2.0.6/maven-error-diagnostics-2.0.6.jar for anonymous/10.0.2.2.
2015-08-22 18:38:35,185 [ACCEPTED DEPLOY] jcenter-cache:commons-cli/commons-cli/1.0/commons-cli-1.0.jar for anonymous/10.0.2.2.
2015-08-22 18:38:35,265 [ACCEPTED DEPLOY] jcenter-cache:org/apache/maven/maven-plugin-descriptor/2.0.6/maven-plugin-descriptor-2.0.6.jar for anonymous/10.0.2.2.
2015-08-22 18:38:35,293 [ACCEPTED DEPLOY] jcenter-cache:org/codehaus/plexus/plexus-interactivity-api/1.0-alpha-4/plexus-interactivity-api-1.0-alpha-4.jar for anonymous/10.0.2.2.
2015-08-22 18:38:35,441 [ACCEPTED DEPLOY] jcenter-cache:classworlds/classworlds/1.1/classworlds-1.1.jar for anonymous/10.0.2.2.
2015-08-22 18:38:35,504 [ACCEPTED DEPLOY] jcenter-cache:org/apache/maven/maven-monitor/2.0.6/maven-monitor-2.0.6.jar for anonymous/10.0.2.2.
2015-08-22 18:38:35,553 [ACCEPTED DEPLOY] jcenter-cache:org/apache/maven/maven-artifact/2.0.6/maven-artifact-2.0.6.jar for anonymous/10.0.2.2.
2015-08-22 18:38:35,577 [ACCEPTED DEPLOY] jcenter-cache:org/apache/maven/maven-settings/2.0.6/maven-settings-2.0.6.jar for anonymous/10.0.2.2.
2015-08-22 18:38:35,603 [ACCEPTED DEPLOY] jcenter-cache:org/apache/maven/maven-model/2.0.6/maven-model-2.0.6.jar for anonymous/10.0.2.2.
2015-08-22 18:38:35,818 [ACCEPTED DEPLOY] jcenter-cache:org/codehaus/plexus/plexus-container-default/1.0-alpha-9-stable-1/plexus-container-default-1.0-alpha-9-stable-1.jar for anonymous/10.0.2.2.
2015-08-22 18:38:35,870 [ACCEPTED DEPLOY] jcenter-cache:org/sonatype/plexus/plexus-build-api/0.0.4/plexus-build-api-0.0.4.jar for anonymous/10.0.2.2.
2015-08-22 18:38:35,896 [ACCEPTED DEPLOY] jcenter-cache:org/apache/maven/shared/maven-filtering/1.1/maven-filtering-1.1.jar for anonymous/10.0.2.2.
2015-08-22 18:38:36,016 [ACCEPTED DEPLOY] jcenter-cache:org/codehaus/plexus/plexus-interpolation/1.13/plexus-interpolation-1.13.jar for anonymous/10.0.2.2.
2015-08-22 18:38:36,664 [ACCEPTED DEPLOY] jcenter-cache:org/codehaus/plexus/plexus-utils/2.0.5/plexus-utils-2.0.5.jar for anonymous/10.0.2.2.
2015-08-22 18:38:37,385 [ACCEPTED DEPLOY] jcenter-cache:org/apache/maven/maven-plugin-api/2.0.9/maven-plugin-api-2.0.9.pom for anonymous/10.0.2.2.
2015-08-22 18:38:37,447 [ACCEPTED DEPLOY] libs-release:org/apache/maven/maven-plugin-api/2.0.9/maven-plugin-api-2.0.9.pom for anonymous/10.0.2.2.
2015-08-22 18:38:37,864 [ACCEPTED DEPLOY] jcenter-cache:org/apache/maven/maven/2.0.9/maven-2.0.9.pom for anonymous/10.0.2.2.
2015-08-22 18:38:37,924 [ACCEPTED DEPLOY] libs-release:org/apache/maven/maven/2.0.9/maven-2.0.9.pom for anonymous/10.0.2.2.
2015-08-22 18:38:38,241 [ACCEPTED DEPLOY] jcenter-cache:org/apache/maven/maven-parent/8/maven-parent-8.pom for anonymous/10.0.2.2.
2015-08-22 18:38:38,282 [ACCEPTED DEPLOY] libs-release:org/apache/maven/maven-parent/8/maven-parent-8.pom for anonymous/10.0.2.2.
2015-08-22 18:38:38,679 [ACCEPTED DEPLOY] jcenter-cache:org/apache/maven/maven-artifact/2.0.9/maven-artifact-2.0.9.pom for anonymous/10.0.2.2.
2015-08-22 18:38:38,736 [ACCEPTED DEPLOY] libs-release:org/apache/maven/maven-artifact/2.0.9/maven-artifact-2.0.9.pom for anonymous/10.0.2.2.
2015-08-22 18:38:39,111 [ACCEPTED DEPLOY] jcenter-cache:org/codehaus/plexus/plexus-utils/1.5.1/plexus-utils-1.5.1.pom for anonymous/10.0.2.2.
2015-08-22 18:38:39,173 [ACCEPTED DEPLOY] libs-release:org/codehaus/plexus/plexus-utils/1.5.1/plexus-utils-1.5.1.pom for anonymous/10.0.2.2.
2015-08-22 18:38:39,487 [ACCEPTED DEPLOY] jcenter-cache:org/apache/maven/maven-core/2.0.9/maven-core-2.0.9.pom for anonymous/10.0.2.2.
2015-08-22 18:38:39,608 [ACCEPTED DEPLOY] libs-release:org/apache/maven/maven-core/2.0.9/maven-core-2.0.9.pom for anonymous/10.0.2.2.
2015-08-22 18:38:40,007 [ACCEPTED DEPLOY] jcenter-cache:org/apache/maven/maven-settings/2.0.9/maven-settings-2.0.9.pom for anonymous/10.0.2.2.
2015-08-22 18:38:40,091 [ACCEPTED DEPLOY] libs-release:org/apache/maven/maven-settings/2.0.9/maven-settings-2.0.9.pom for anonymous/10.0.2.2.
2015-08-22 18:38:40,343 [ACCEPTED DEPLOY] jcenter-cache:org/apache/maven/maven-model/2.0.9/maven-model-2.0.9.pom for anonymous/10.0.2.2.
2015-08-22 18:38:40,437 [ACCEPTED DEPLOY] libs-release:org/apache/maven/maven-model/2.0.9/maven-model-2.0.9.pom for anonymous/10.0.2.2.
2015-08-22 18:38:40,779 [ACCEPTED DEPLOY] jcenter-cache:org/apache/maven/maven-plugin-parameter-documenter/2.0.9/maven-plugin-parameter-documenter-2.0.9.pom for anonymous/10.0.2.2.
2015-08-22 18:38:40,860 [ACCEPTED DEPLOY] libs-release:org/apache/maven/maven-plugin-parameter-documenter/2.0.9/maven-plugin-parameter-documenter-2.0.9.pom for anonymous/10.0.2.2.
2015-08-22 18:38:41,263 [ACCEPTED DEPLOY] jcenter-cache:org/apache/maven/maven-profile/2.0.9/maven-profile-2.0.9.pom for anonymous/10.0.2.2.
2015-08-22 18:38:41,294 [ACCEPTED DEPLOY] libs-release:org/apache/maven/maven-profile/2.0.9/maven-profile-2.0.9.pom for anonymous/10.0.2.2.
2015-08-22 18:38:42,231 [ACCEPTED DEPLOY] jcenter-cache:org/apache/maven/maven-repository-metadata/2.0.9/maven-repository-metadata-2.0.9.pom for anonymous/10.0.2.2.
2015-08-22 18:38:42,341 [ACCEPTED DEPLOY] libs-release:org/apache/maven/maven-repository-metadata/2.0.9/maven-repository-metadata-2.0.9.pom for anonymous/10.0.2.2.
2015-08-22 18:38:42,778 [ACCEPTED DEPLOY] jcenter-cache:org/apache/maven/maven-error-diagnostics/2.0.9/maven-error-diagnostics-2.0.9.pom for anonymous/10.0.2.2.
2015-08-22 18:38:42,839 [ACCEPTED DEPLOY] libs-release:org/apache/maven/maven-error-diagnostics/2.0.9/maven-error-diagnostics-2.0.9.pom for anonymous/10.0.2.2.
2015-08-22 18:38:43,164 [ACCEPTED DEPLOY] jcenter-cache:org/apache/maven/maven-project/2.0.9/maven-project-2.0.9.pom for anonymous/10.0.2.2.
2015-08-22 18:38:43,315 [ACCEPTED DEPLOY] libs-release:org/apache/maven/maven-project/2.0.9/maven-project-2.0.9.pom for anonymous/10.0.2.2.
2015-08-22 18:38:43,630 [ACCEPTED DEPLOY] jcenter-cache:org/apache/maven/maven-artifact-manager/2.0.9/maven-artifact-manager-2.0.9.pom for anonymous/10.0.2.2.
2015-08-22 18:38:43,665 [ACCEPTED DEPLOY] libs-release:org/apache/maven/maven-artifact-manager/2.0.9/maven-artifact-manager-2.0.9.pom for anonymous/10.0.2.2.
2015-08-22 18:38:43,907 [ACCEPTED DEPLOY] jcenter-cache:org/apache/maven/maven-plugin-registry/2.0.9/maven-plugin-registry-2.0.9.pom for anonymous/10.0.2.2.
2015-08-22 18:38:43,940 [ACCEPTED DEPLOY] libs-release:org/apache/maven/maven-plugin-registry/2.0.9/maven-plugin-registry-2.0.9.pom for anonymous/10.0.2.2.
2015-08-22 18:38:44,231 [ACCEPTED DEPLOY] jcenter-cache:org/apache/maven/maven-plugin-descriptor/2.0.9/maven-plugin-descriptor-2.0.9.pom for anonymous/10.0.2.2.
2015-08-22 18:38:44,249 [ACCEPTED DEPLOY] libs-release:org/apache/maven/maven-plugin-descriptor/2.0.9/maven-plugin-descriptor-2.0.9.pom for anonymous/10.0.2.2.
2015-08-22 18:38:44,496 [ACCEPTED DEPLOY] jcenter-cache:org/apache/maven/maven-monitor/2.0.9/maven-monitor-2.0.9.pom for anonymous/10.0.2.2.
2015-08-22 18:38:44,513 [ACCEPTED DEPLOY] libs-release:org/apache/maven/maven-monitor/2.0.9/maven-monitor-2.0.9.pom for anonymous/10.0.2.2.
2015-08-22 18:38:44,761 [ACCEPTED DEPLOY] jcenter-cache:org/apache/maven/maven-toolchain/1.0/maven-toolchain-1.0.pom for anonymous/10.0.2.2.
2015-08-22 18:38:44,778 [ACCEPTED DEPLOY] libs-release:org/apache/maven/maven-toolchain/1.0/maven-toolchain-1.0.pom for anonymous/10.0.2.2.
2015-08-22 18:38:45,031 [ACCEPTED DEPLOY] jcenter-cache:org/apache/maven/shared/maven-shared-utils/0.1/maven-shared-utils-0.1.pom for anonymous/10.0.2.2.
2015-08-22 18:38:45,052 [ACCEPTED DEPLOY] libs-release:org/apache/maven/shared/maven-shared-utils/0.1/maven-shared-utils-0.1.pom for anonymous/10.0.2.2.
2015-08-22 18:38:45,339 [ACCEPTED DEPLOY] jcenter-cache:org/apache/maven/shared/maven-shared-components/18/maven-shared-components-18.pom for anonymous/10.0.2.2.
2015-08-22 18:38:45,377 [ACCEPTED DEPLOY] libs-release:org/apache/maven/shared/maven-shared-components/18/maven-shared-components-18.pom for anonymous/10.0.2.2.
2015-08-22 18:38:45,611 [ACCEPTED DEPLOY] jcenter-cache:com/google/code/findbugs/jsr305/2.0.1/jsr305-2.0.1.pom for anonymous/10.0.2.2.
2015-08-22 18:38:45,637 [ACCEPTED DEPLOY] libs-release:com/google/code/findbugs/jsr305/2.0.1/jsr305-2.0.1.pom for anonymous/10.0.2.2.
2015-08-22 18:38:45,953 [ACCEPTED DEPLOY] jcenter-cache:org/apache/maven/shared/maven-shared-incremental/1.1/maven-shared-incremental-1.1.pom for anonymous/10.0.2.2.
2015-08-22 18:38:46,000 [ACCEPTED DEPLOY] libs-release:org/apache/maven/shared/maven-shared-incremental/1.1/maven-shared-incremental-1.1.pom for anonymous/10.0.2.2.
2015-08-22 18:38:46,304 [ACCEPTED DEPLOY] jcenter-cache:org/apache/maven/shared/maven-shared-components/19/maven-shared-components-19.pom for anonymous/10.0.2.2.
2015-08-22 18:38:46,350 [ACCEPTED DEPLOY] libs-release:org/apache/maven/shared/maven-shared-components/19/maven-shared-components-19.pom for anonymous/10.0.2.2.
2015-08-22 18:38:46,919 [ACCEPTED DEPLOY] jcenter-cache:org/apache/maven/maven-plugin-api/2.2.1/maven-plugin-api-2.2.1.pom for anonymous/10.0.2.2.
2015-08-22 18:38:46,948 [ACCEPTED DEPLOY] libs-release:org/apache/maven/maven-plugin-api/2.2.1/maven-plugin-api-2.2.1.pom for anonymous/10.0.2.2.
2015-08-22 18:38:47,230 [ACCEPTED DEPLOY] jcenter-cache:org/apache/maven/maven/2.2.1/maven-2.2.1.pom for anonymous/10.0.2.2.
2015-08-22 18:38:47,251 [ACCEPTED DEPLOY] libs-release:org/apache/maven/maven/2.2.1/maven-2.2.1.pom for anonymous/10.0.2.2.
2015-08-22 18:38:47,615 [ACCEPTED DEPLOY] jcenter-cache:org/apache/maven/maven-parent/11/maven-parent-11.pom for anonymous/10.0.2.2.
2015-08-22 18:38:47,724 [ACCEPTED DEPLOY] libs-release:org/apache/maven/maven-parent/11/maven-parent-11.pom for anonymous/10.0.2.2.
2015-08-22 18:38:48,192 [ACCEPTED DEPLOY] jcenter-cache:org/apache/apache/5/apache-5.pom for anonymous/10.0.2.2.
2015-08-22 18:38:48,226 [ACCEPTED DEPLOY] libs-release:org/apache/apache/5/apache-5.pom for anonymous/10.0.2.2.
2015-08-22 18:38:48,716 [ACCEPTED DEPLOY] jcenter-cache:org/apache/maven/maven-core/2.2.1/maven-core-2.2.1.pom for anonymous/10.0.2.2.
2015-08-22 18:38:48,755 [ACCEPTED DEPLOY] libs-release:org/apache/maven/maven-core/2.2.1/maven-core-2.2.1.pom for anonymous/10.0.2.2.
2015-08-22 18:38:49,272 [ACCEPTED DEPLOY] jcenter-cache:org/apache/maven/maven-settings/2.2.1/maven-settings-2.2.1.pom for anonymous/10.0.2.2.
2015-08-22 18:38:49,299 [ACCEPTED DEPLOY] libs-release:org/apache/maven/maven-settings/2.2.1/maven-settings-2.2.1.pom for anonymous/10.0.2.2.
2015-08-22 18:38:49,548 [ACCEPTED DEPLOY] jcenter-cache:org/apache/maven/maven-model/2.2.1/maven-model-2.2.1.pom for anonymous/10.0.2.2.
2015-08-22 18:38:49,567 [ACCEPTED DEPLOY] libs-release:org/apache/maven/maven-model/2.2.1/maven-model-2.2.1.pom for anonymous/10.0.2.2.
2015-08-22 18:38:49,827 [ACCEPTED DEPLOY] jcenter-cache:org/codehaus/plexus/plexus-interpolation/1.11/plexus-interpolation-1.11.pom for anonymous/10.0.2.2.
2015-08-22 18:38:49,846 [ACCEPTED DEPLOY] libs-release:org/codehaus/plexus/plexus-interpolation/1.11/plexus-interpolation-1.11.pom for anonymous/10.0.2.2.
2015-08-22 18:38:50,091 [ACCEPTED DEPLOY] jcenter-cache:org/apache/maven/maven-plugin-parameter-documenter/2.2.1/maven-plugin-parameter-documenter-2.2.1.pom for anonymous/10.0.2.2.
2015-08-22 18:38:50,129 [ACCEPTED DEPLOY] libs-release:org/apache/maven/maven-plugin-parameter-documenter/2.2.1/maven-plugin-parameter-documenter-2.2.1.pom for anonymous/10.0.2.2.
2015-08-22 18:38:50,407 [ACCEPTED DEPLOY] jcenter-cache:org/slf4j/slf4j-jdk14/1.5.6/slf4j-jdk14-1.5.6.pom for anonymous/10.0.2.2.
2015-08-22 18:38:50,507 [ACCEPTED DEPLOY] libs-release:org/slf4j/slf4j-jdk14/1.5.6/slf4j-jdk14-1.5.6.pom for anonymous/10.0.2.2.
2015-08-22 18:38:50,817 [ACCEPTED DEPLOY] jcenter-cache:org/slf4j/slf4j-parent/1.5.6/slf4j-parent-1.5.6.pom for anonymous/10.0.2.2.
2015-08-22 18:38:50,877 [ACCEPTED DEPLOY] libs-release:org/slf4j/slf4j-parent/1.5.6/slf4j-parent-1.5.6.pom for anonymous/10.0.2.2.
2015-08-22 18:38:51,166 [ACCEPTED DEPLOY] jcenter-cache:org/slf4j/slf4j-api/1.5.6/slf4j-api-1.5.6.pom for anonymous/10.0.2.2.
2015-08-22 18:38:51,232 [ACCEPTED DEPLOY] libs-release:org/slf4j/slf4j-api/1.5.6/slf4j-api-1.5.6.pom for anonymous/10.0.2.2.
2015-08-22 18:38:51,678 [ACCEPTED DEPLOY] jcenter-cache:org/slf4j/jcl-over-slf4j/1.5.6/jcl-over-slf4j-1.5.6.pom for anonymous/10.0.2.2.
2015-08-22 18:38:51,743 [ACCEPTED DEPLOY] libs-release:org/slf4j/jcl-over-slf4j/1.5.6/jcl-over-slf4j-1.5.6.pom for anonymous/10.0.2.2.
2015-08-22 18:38:51,981 [ACCEPTED DEPLOY] jcenter-cache:org/apache/maven/maven-profile/2.2.1/maven-profile-2.2.1.pom for anonymous/10.0.2.2.
2015-08-22 18:38:52,082 [ACCEPTED DEPLOY] libs-release:org/apache/maven/maven-profile/2.2.1/maven-profile-2.2.1.pom for anonymous/10.0.2.2.
2015-08-22 18:38:52,490 [ACCEPTED DEPLOY] jcenter-cache:org/apache/maven/maven-artifact/2.2.1/maven-artifact-2.2.1.pom for anonymous/10.0.2.2.
2015-08-22 18:38:52,571 [ACCEPTED DEPLOY] libs-release:org/apache/maven/maven-artifact/2.2.1/maven-artifact-2.2.1.pom for anonymous/10.0.2.2.
2015-08-22 18:38:53,033 [ACCEPTED DEPLOY] jcenter-cache:org/apache/maven/maven-repository-metadata/2.2.1/maven-repository-metadata-2.2.1.pom for anonymous/10.0.2.2.
2015-08-22 18:38:53,130 [ACCEPTED DEPLOY] libs-release:org/apache/maven/maven-repository-metadata/2.2.1/maven-repository-metadata-2.2.1.pom for anonymous/10.0.2.2.
2015-08-22 18:38:53,467 [ACCEPTED DEPLOY] jcenter-cache:org/apache/maven/maven-error-diagnostics/2.2.1/maven-error-diagnostics-2.2.1.pom for anonymous/10.0.2.2.
2015-08-22 18:38:53,523 [ACCEPTED DEPLOY] libs-release:org/apache/maven/maven-error-diagnostics/2.2.1/maven-error-diagnostics-2.2.1.pom for anonymous/10.0.2.2.
2015-08-22 18:38:53,815 [ACCEPTED DEPLOY] jcenter-cache:org/apache/maven/maven-project/2.2.1/maven-project-2.2.1.pom for anonymous/10.0.2.2.
2015-08-22 18:38:53,842 [ACCEPTED DEPLOY] libs-release:org/apache/maven/maven-project/2.2.1/maven-project-2.2.1.pom for anonymous/10.0.2.2.
2015-08-22 18:38:54,068 [ACCEPTED DEPLOY] jcenter-cache:org/apache/maven/maven-artifact-manager/2.2.1/maven-artifact-manager-2.2.1.pom for anonymous/10.0.2.2.
2015-08-22 18:38:54,097 [ACCEPTED DEPLOY] libs-release:org/apache/maven/maven-artifact-manager/2.2.1/maven-artifact-manager-2.2.1.pom for anonymous/10.0.2.2.
2015-08-22 18:38:54,322 [ACCEPTED DEPLOY] jcenter-cache:backport-util-concurrent/backport-util-concurrent/3.1/backport-util-concurrent-3.1.pom for anonymous/10.0.2.2.
2015-08-22 18:38:54,359 [ACCEPTED DEPLOY] libs-release:backport-util-concurrent/backport-util-concurrent/3.1/backport-util-concurrent-3.1.pom for anonymous/10.0.2.2.
2015-08-22 18:38:54,561 [ACCEPTED DEPLOY] jcenter-cache:org/apache/maven/maven-plugin-registry/2.2.1/maven-plugin-registry-2.2.1.pom for anonymous/10.0.2.2.
2015-08-22 18:38:54,597 [ACCEPTED DEPLOY] libs-release:org/apache/maven/maven-plugin-registry/2.2.1/maven-plugin-registry-2.2.1.pom for anonymous/10.0.2.2.
2015-08-22 18:38:54,868 [ACCEPTED DEPLOY] jcenter-cache:org/apache/maven/maven-plugin-descriptor/2.2.1/maven-plugin-descriptor-2.2.1.pom for anonymous/10.0.2.2.
2015-08-22 18:38:54,907 [ACCEPTED DEPLOY] libs-release:org/apache/maven/maven-plugin-descriptor/2.2.1/maven-plugin-descriptor-2.2.1.pom for anonymous/10.0.2.2.
2015-08-22 18:38:55,125 [ACCEPTED DEPLOY] jcenter-cache:org/apache/maven/maven-monitor/2.2.1/maven-monitor-2.2.1.pom for anonymous/10.0.2.2.
2015-08-22 18:38:55,153 [ACCEPTED DEPLOY] libs-release:org/apache/maven/maven-monitor/2.2.1/maven-monitor-2.2.1.pom for anonymous/10.0.2.2.
2015-08-22 18:38:55,363 [ACCEPTED DEPLOY] jcenter-cache:org/sonatype/plexus/plexus-sec-dispatcher/1.3/plexus-sec-dispatcher-1.3.pom for anonymous/10.0.2.2.
2015-08-22 18:38:55,398 [ACCEPTED DEPLOY] libs-release:org/sonatype/plexus/plexus-sec-dispatcher/1.3/plexus-sec-dispatcher-1.3.pom for anonymous/10.0.2.2.
2015-08-22 18:38:55,600 [ACCEPTED DEPLOY] jcenter-cache:org/sonatype/spice/spice-parent/12/spice-parent-12.pom for anonymous/10.0.2.2.
2015-08-22 18:38:55,630 [ACCEPTED DEPLOY] libs-release:org/sonatype/spice/spice-parent/12/spice-parent-12.pom for anonymous/10.0.2.2.
2015-08-22 18:38:55,888 [ACCEPTED DEPLOY] jcenter-cache:org/sonatype/forge/forge-parent/4/forge-parent-4.pom for anonymous/10.0.2.2.
2015-08-22 18:38:55,920 [ACCEPTED DEPLOY] libs-release:org/sonatype/forge/forge-parent/4/forge-parent-4.pom for anonymous/10.0.2.2.
2015-08-22 18:38:56,216 [ACCEPTED DEPLOY] jcenter-cache:org/codehaus/plexus/plexus-utils/1.5.5/plexus-utils-1.5.5.pom for anonymous/10.0.2.2.
2015-08-22 18:38:56,251 [ACCEPTED DEPLOY] libs-release:org/codehaus/plexus/plexus-utils/1.5.5/plexus-utils-1.5.5.pom for anonymous/10.0.2.2.
2015-08-22 18:38:56,490 [ACCEPTED DEPLOY] jcenter-cache:org/sonatype/plexus/plexus-cipher/1.4/plexus-cipher-1.4.pom for anonymous/10.0.2.2.
2015-08-22 18:38:56,525 [ACCEPTED DEPLOY] libs-release:org/sonatype/plexus/plexus-cipher/1.4/plexus-cipher-1.4.pom for anonymous/10.0.2.2.
2015-08-22 18:38:56,758 [ACCEPTED DEPLOY] jcenter-cache:org/codehaus/plexus/plexus-component-annotations/1.5.5/plexus-component-annotations-1.5.5.pom for anonymous/10.0.2.2.
2015-08-22 18:38:56,787 [ACCEPTED DEPLOY] libs-release:org/codehaus/plexus/plexus-component-annotations/1.5.5/plexus-component-annotations-1.5.5.pom for anonymous/10.0.2.2.
2015-08-22 18:38:56,969 [ACCEPTED DEPLOY] jcenter-cache:org/codehaus/plexus/plexus-containers/1.5.5/plexus-containers-1.5.5.pom for anonymous/10.0.2.2.
2015-08-22 18:38:56,997 [ACCEPTED DEPLOY] libs-release:org/codehaus/plexus/plexus-containers/1.5.5/plexus-containers-1.5.5.pom for anonymous/10.0.2.2.
2015-08-22 18:38:57,274 [ACCEPTED DEPLOY] jcenter-cache:org/codehaus/plexus/plexus/2.0.7/plexus-2.0.7.pom for anonymous/10.0.2.2.
2015-08-22 18:38:57,309 [ACCEPTED DEPLOY] libs-release:org/codehaus/plexus/plexus/2.0.7/plexus-2.0.7.pom for anonymous/10.0.2.2.
2015-08-22 18:38:57,510 [ACCEPTED DEPLOY] jcenter-cache:org/codehaus/plexus/plexus-compiler-api/2.2/plexus-compiler-api-2.2.pom for anonymous/10.0.2.2.
2015-08-22 18:38:57,542 [ACCEPTED DEPLOY] libs-release:org/codehaus/plexus/plexus-compiler-api/2.2/plexus-compiler-api-2.2.pom for anonymous/10.0.2.2.
2015-08-22 18:38:57,750 [ACCEPTED DEPLOY] jcenter-cache:org/codehaus/plexus/plexus-compiler/2.2/plexus-compiler-2.2.pom for anonymous/10.0.2.2.
2015-08-22 18:38:57,775 [ACCEPTED DEPLOY] libs-release:org/codehaus/plexus/plexus-compiler/2.2/plexus-compiler-2.2.pom for anonymous/10.0.2.2.
2015-08-22 18:38:57,994 [ACCEPTED DEPLOY] jcenter-cache:org/codehaus/plexus/plexus-components/1.3.1/plexus-components-1.3.1.pom for anonymous/10.0.2.2.
2015-08-22 18:38:58,024 [ACCEPTED DEPLOY] libs-release:org/codehaus/plexus/plexus-components/1.3.1/plexus-components-1.3.1.pom for anonymous/10.0.2.2.
2015-08-22 18:38:58,268 [ACCEPTED DEPLOY] jcenter-cache:org/codehaus/plexus/plexus/3.3.1/plexus-3.3.1.pom for anonymous/10.0.2.2.
2015-08-22 18:38:58,316 [ACCEPTED DEPLOY] libs-release:org/codehaus/plexus/plexus/3.3.1/plexus-3.3.1.pom for anonymous/10.0.2.2.
2015-08-22 18:38:58,509 [ACCEPTED DEPLOY] jcenter-cache:org/sonatype/spice/spice-parent/17/spice-parent-17.pom for anonymous/10.0.2.2.
2015-08-22 18:38:58,531 [ACCEPTED DEPLOY] libs-release:org/sonatype/spice/spice-parent/17/spice-parent-17.pom for anonymous/10.0.2.2.
2015-08-22 18:38:58,735 [ACCEPTED DEPLOY] jcenter-cache:org/sonatype/forge/forge-parent/10/forge-parent-10.pom for anonymous/10.0.2.2.
2015-08-22 18:38:58,753 [ACCEPTED DEPLOY] libs-release:org/sonatype/forge/forge-parent/10/forge-parent-10.pom for anonymous/10.0.2.2.
2015-08-22 18:38:58,993 [ACCEPTED DEPLOY] jcenter-cache:org/codehaus/plexus/plexus-utils/3.0.8/plexus-utils-3.0.8.pom for anonymous/10.0.2.2.
2015-08-22 18:38:59,019 [ACCEPTED DEPLOY] libs-release:org/codehaus/plexus/plexus-utils/3.0.8/plexus-utils-3.0.8.pom for anonymous/10.0.2.2.
2015-08-22 18:38:59,235 [ACCEPTED DEPLOY] jcenter-cache:org/codehaus/plexus/plexus/3.2/plexus-3.2.pom for anonymous/10.0.2.2.
2015-08-22 18:38:59,247 [ACCEPTED DEPLOY] libs-release:org/codehaus/plexus/plexus/3.2/plexus-3.2.pom for anonymous/10.0.2.2.
2015-08-22 18:38:59,462 [ACCEPTED DEPLOY] jcenter-cache:org/codehaus/plexus/plexus-compiler-manager/2.2/plexus-compiler-manager-2.2.pom for anonymous/10.0.2.2.
2015-08-22 18:38:59,481 [ACCEPTED DEPLOY] libs-release:org/codehaus/plexus/plexus-compiler-manager/2.2/plexus-compiler-manager-2.2.pom for anonymous/10.0.2.2.
2015-08-22 18:38:59,667 [ACCEPTED DEPLOY] jcenter-cache:org/codehaus/plexus/plexus-compiler-javac/2.2/plexus-compiler-javac-2.2.pom for anonymous/10.0.2.2.
2015-08-22 18:38:59,737 [ACCEPTED DEPLOY] libs-release:org/codehaus/plexus/plexus-compiler-javac/2.2/plexus-compiler-javac-2.2.pom for anonymous/10.0.2.2.
2015-08-22 18:38:59,892 [ACCEPTED DEPLOY] jcenter-cache:org/codehaus/plexus/plexus-compilers/2.2/plexus-compilers-2.2.pom for anonymous/10.0.2.2.
2015-08-22 18:38:59,903 [ACCEPTED DEPLOY] libs-release:org/codehaus/plexus/plexus-compilers/2.2/plexus-compilers-2.2.pom for anonymous/10.0.2.2.
2015-08-22 18:39:00,110 [ACCEPTED DEPLOY] jcenter-cache:org/codehaus/plexus/plexus-container-default/1.5.5/plexus-container-default-1.5.5.pom for anonymous/10.0.2.2.
2015-08-22 18:39:00,124 [ACCEPTED DEPLOY] libs-release:org/codehaus/plexus/plexus-container-default/1.5.5/plexus-container-default-1.5.5.pom for anonymous/10.0.2.2.
2015-08-22 18:39:00,396 [ACCEPTED DEPLOY] jcenter-cache:org/codehaus/plexus/plexus-utils/1.4.5/plexus-utils-1.4.5.pom for anonymous/10.0.2.2.
2015-08-22 18:39:00,413 [ACCEPTED DEPLOY] libs-release:org/codehaus/plexus/plexus-utils/1.4.5/plexus-utils-1.4.5.pom for anonymous/10.0.2.2.
2015-08-22 18:39:00,612 [ACCEPTED DEPLOY] jcenter-cache:org/codehaus/plexus/plexus-classworlds/2.2.2/plexus-classworlds-2.2.2.pom for anonymous/10.0.2.2.
2015-08-22 18:39:00,626 [ACCEPTED DEPLOY] libs-release:org/codehaus/plexus/plexus-classworlds/2.2.2/plexus-classworlds-2.2.2.pom for anonymous/10.0.2.2.
2015-08-22 18:39:00,810 [ACCEPTED DEPLOY] jcenter-cache:org/apache/xbean/xbean-reflect/3.4/xbean-reflect-3.4.pom for anonymous/10.0.2.2.
2015-08-22 18:39:00,825 [ACCEPTED DEPLOY] libs-release:org/apache/xbean/xbean-reflect/3.4/xbean-reflect-3.4.pom for anonymous/10.0.2.2.
2015-08-22 18:39:01,016 [ACCEPTED DEPLOY] jcenter-cache:org/apache/xbean/xbean/3.4/xbean-3.4.pom for anonymous/10.0.2.2.
2015-08-22 18:39:01,042 [ACCEPTED DEPLOY] libs-release:org/apache/xbean/xbean/3.4/xbean-3.4.pom for anonymous/10.0.2.2.
2015-08-22 18:39:01,263 [ACCEPTED DEPLOY] jcenter-cache:log4j/log4j/1.2.12/log4j-1.2.12.pom for anonymous/10.0.2.2.
2015-08-22 18:39:01,280 [ACCEPTED DEPLOY] libs-release:log4j/log4j/1.2.12/log4j-1.2.12.pom for anonymous/10.0.2.2.
2015-08-22 18:39:01,490 [ACCEPTED DEPLOY] jcenter-cache:commons-logging/commons-logging-api/1.1/commons-logging-api-1.1.pom for anonymous/10.0.2.2.
2015-08-22 18:39:01,535 [ACCEPTED DEPLOY] libs-release:commons-logging/commons-logging-api/1.1/commons-logging-api-1.1.pom for anonymous/10.0.2.2.
2015-08-22 18:39:01,738 [ACCEPTED DEPLOY] jcenter-cache:com/google/collections/google-collections/1.0/google-collections-1.0.pom for anonymous/10.0.2.2.
2015-08-22 18:39:01,758 [ACCEPTED DEPLOY] libs-release:com/google/collections/google-collections/1.0/google-collections-1.0.pom for anonymous/10.0.2.2.
2015-08-22 18:39:01,941 [ACCEPTED DEPLOY] jcenter-cache:com/google/google/1/google-1.pom for anonymous/10.0.2.2.
2015-08-22 18:39:01,958 [ACCEPTED DEPLOY] libs-release:com/google/google/1/google-1.pom for anonymous/10.0.2.2.
2015-08-22 18:39:02,189 [ACCEPTED DEPLOY] jcenter-cache:junit/junit/3.8.2/junit-3.8.2.pom for anonymous/10.0.2.2.
2015-08-22 18:39:02,207 [ACCEPTED DEPLOY] libs-release:junit/junit/3.8.2/junit-3.8.2.pom for anonymous/10.0.2.2.
2015-08-22 18:39:02,527 [ACCEPTED DEPLOY] jcenter-cache:org/apache/maven/maven-artifact/2.0.9/maven-artifact-2.0.9.jar for anonymous/10.0.2.2.
2015-08-22 18:39:02,562 [ACCEPTED DEPLOY] jcenter-cache:org/apache/maven/maven-plugin-api/2.0.9/maven-plugin-api-2.0.9.jar for anonymous/10.0.2.2.
2015-08-22 18:39:02,589 [ACCEPTED DEPLOY] jcenter-cache:org/apache/maven/maven-settings/2.0.9/maven-settings-2.0.9.jar for anonymous/10.0.2.2.
2015-08-22 18:39:02,704 [ACCEPTED DEPLOY] jcenter-cache:org/apache/maven/maven-core/2.0.9/maven-core-2.0.9.jar for anonymous/10.0.2.2.
2015-08-22 18:39:02,787 [ACCEPTED DEPLOY] jcenter-cache:org/apache/maven/maven-profile/2.0.9/maven-profile-2.0.9.jar for anonymous/10.0.2.2.
2015-08-22 18:39:02,802 [ACCEPTED DEPLOY] jcenter-cache:org/apache/maven/maven-plugin-parameter-documenter/2.0.9/maven-plugin-parameter-documenter-2.0.9.jar for anonymous/10.0.2.2.
2015-08-22 18:39:02,828 [ACCEPTED DEPLOY] jcenter-cache:org/apache/maven/maven-model/2.0.9/maven-model-2.0.9.jar for anonymous/10.0.2.2.
2015-08-22 18:39:03,037 [ACCEPTED DEPLOY] jcenter-cache:org/apache/maven/maven-error-diagnostics/2.0.9/maven-error-diagnostics-2.0.9.jar for anonymous/10.0.2.2.
2015-08-22 18:39:03,062 [ACCEPTED DEPLOY] jcenter-cache:org/apache/maven/maven-plugin-registry/2.0.9/maven-plugin-registry-2.0.9.jar for anonymous/10.0.2.2.
2015-08-22 18:39:03,079 [ACCEPTED DEPLOY] jcenter-cache:org/apache/maven/maven-repository-metadata/2.0.9/maven-repository-metadata-2.0.9.jar for anonymous/10.0.2.2.
2015-08-22 18:39:03,187 [ACCEPTED DEPLOY] jcenter-cache:org/apache/maven/maven-project/2.0.9/maven-project-2.0.9.jar for anonymous/10.0.2.2.
2015-08-22 18:39:03,213 [ACCEPTED DEPLOY] jcenter-cache:org/codehaus/plexus/plexus-utils/1.5.1/plexus-utils-1.5.1.jar for anonymous/10.0.2.2.
2015-08-22 18:39:03,262 [ACCEPTED DEPLOY] jcenter-cache:org/apache/maven/maven-plugin-descriptor/2.0.9/maven-plugin-descriptor-2.0.9.jar for anonymous/10.0.2.2.
2015-08-22 18:39:03,309 [ACCEPTED DEPLOY] jcenter-cache:org/apache/maven/maven-monitor/2.0.9/maven-monitor-2.0.9.jar for anonymous/10.0.2.2.
2015-08-22 18:39:03,365 [ACCEPTED DEPLOY] jcenter-cache:org/apache/maven/maven-artifact-manager/2.0.9/maven-artifact-manager-2.0.9.jar for anonymous/10.0.2.2.
2015-08-22 18:39:03,400 [ACCEPTED DEPLOY] jcenter-cache:org/apache/maven/maven-toolchain/1.0/maven-toolchain-1.0.jar for anonymous/10.0.2.2.
2015-08-22 18:39:03,423 [ACCEPTED DEPLOY] jcenter-cache:com/google/code/findbugs/jsr305/2.0.1/jsr305-2.0.1.jar for anonymous/10.0.2.2.
2015-08-22 18:39:03,551 [ACCEPTED DEPLOY] jcenter-cache:org/codehaus/plexus/plexus-component-annotations/1.5.5/plexus-component-annotations-1.5.5.jar for anonymous/10.0.2.2.
2015-08-22 18:39:03,573 [ACCEPTED DEPLOY] jcenter-cache:org/apache/maven/shared/maven-shared-utils/0.1/maven-shared-utils-0.1.jar for anonymous/10.0.2.2.
2015-08-22 18:39:03,589 [ACCEPTED DEPLOY] jcenter-cache:org/codehaus/plexus/plexus-compiler-api/2.2/plexus-compiler-api-2.2.jar for anonymous/10.0.2.2.
2015-08-22 18:39:03,598 [ACCEPTED DEPLOY] jcenter-cache:org/apache/maven/shared/maven-shared-incremental/1.1/maven-shared-incremental-1.1.jar for anonymous/10.0.2.2.
2015-08-22 18:39:03,629 [ACCEPTED DEPLOY] jcenter-cache:org/codehaus/plexus/plexus-compiler-manager/2.2/plexus-compiler-manager-2.2.jar for anonymous/10.0.2.2.
2015-08-22 18:39:03,829 [ACCEPTED DEPLOY] jcenter-cache:org/codehaus/plexus/plexus-classworlds/2.2.2/plexus-classworlds-2.2.2.jar for anonymous/10.0.2.2.
2015-08-22 18:39:03,871 [ACCEPTED DEPLOY] jcenter-cache:org/codehaus/plexus/plexus-compiler-javac/2.2/plexus-compiler-javac-2.2.jar for anonymous/10.0.2.2.
2015-08-22 18:39:03,914 [ACCEPTED DEPLOY] jcenter-cache:org/apache/xbean/xbean-reflect/3.4/xbean-reflect-3.4.jar for anonymous/10.0.2.2.
2015-08-22 18:39:04,037 [ACCEPTED DEPLOY] jcenter-cache:commons-logging/commons-logging-api/1.1/commons-logging-api-1.1.jar for anonymous/10.0.2.2.
2015-08-22 18:39:04,147 [ACCEPTED DEPLOY] jcenter-cache:junit/junit/3.8.2/junit-3.8.2.jar for anonymous/10.0.2.2.
2015-08-22 18:39:04,540 [ACCEPTED DEPLOY] jcenter-cache:org/codehaus/plexus/plexus-container-default/1.5.5/plexus-container-default-1.5.5.jar for anonymous/10.0.2.2.
2015-08-22 18:39:04,761 [ACCEPTED DEPLOY] jcenter-cache:log4j/log4j/1.2.12/log4j-1.2.12.jar for anonymous/10.0.2.2.
2015-08-22 18:39:05,421 [ACCEPTED DEPLOY] jcenter-cache:com/google/collections/google-collections/1.0/google-collections-1.0.jar for anonymous/10.0.2.2.
2015-08-22 18:39:09,847 [ACCEPTED DEPLOY] jcenter-cache:org/apache/maven/surefire/surefire-booter/2.12.4/surefire-booter-2.12.4.pom for anonymous/10.0.2.2.
2015-08-22 18:39:09,863 [ACCEPTED DEPLOY] libs-release:org/apache/maven/surefire/surefire-booter/2.12.4/surefire-booter-2.12.4.pom for anonymous/10.0.2.2.
2015-08-22 18:39:10,188 [ACCEPTED DEPLOY] jcenter-cache:org/apache/maven/surefire/surefire-api/2.12.4/surefire-api-2.12.4.pom for anonymous/10.0.2.2.
2015-08-22 18:39:10,211 [ACCEPTED DEPLOY] libs-release:org/apache/maven/surefire/surefire-api/2.12.4/surefire-api-2.12.4.pom for anonymous/10.0.2.2.
2015-08-22 18:39:10,456 [ACCEPTED DEPLOY] jcenter-cache:org/apache/maven/surefire/maven-surefire-common/2.12.4/maven-surefire-common-2.12.4.pom for anonymous/10.0.2.2.
2015-08-22 18:39:10,465 [ACCEPTED DEPLOY] libs-release:org/apache/maven/surefire/maven-surefire-common/2.12.4/maven-surefire-common-2.12.4.pom for anonymous/10.0.2.2.
2015-08-22 18:39:10,728 [ACCEPTED DEPLOY] jcenter-cache:org/apache/maven/plugin-tools/maven-plugin-annotations/3.1/maven-plugin-annotations-3.1.pom for anonymous/10.0.2.2.
2015-08-22 18:39:10,737 [ACCEPTED DEPLOY] libs-release:org/apache/maven/plugin-tools/maven-plugin-annotations/3.1/maven-plugin-annotations-3.1.pom for anonymous/10.0.2.2.
2015-08-22 18:39:10,975 [ACCEPTED DEPLOY] jcenter-cache:org/apache/maven/plugin-tools/maven-plugin-tools/3.1/maven-plugin-tools-3.1.pom for anonymous/10.0.2.2.
2015-08-22 18:39:10,994 [ACCEPTED DEPLOY] libs-release:org/apache/maven/plugin-tools/maven-plugin-tools/3.1/maven-plugin-tools-3.1.pom for anonymous/10.0.2.2.
2015-08-22 18:39:11,190 [ACCEPTED DEPLOY] jcenter-cache:org/apache/maven/reporting/maven-reporting-api/2.0.9/maven-reporting-api-2.0.9.pom for anonymous/10.0.2.2.
2015-08-22 18:39:11,199 [ACCEPTED DEPLOY] libs-release:org/apache/maven/reporting/maven-reporting-api/2.0.9/maven-reporting-api-2.0.9.pom for anonymous/10.0.2.2.
2015-08-22 18:39:11,352 [ACCEPTED DEPLOY] jcenter-cache:org/apache/maven/reporting/maven-reporting/2.0.9/maven-reporting-2.0.9.pom for anonymous/10.0.2.2.
2015-08-22 18:39:11,360 [ACCEPTED DEPLOY] libs-release:org/apache/maven/reporting/maven-reporting/2.0.9/maven-reporting-2.0.9.pom for anonymous/10.0.2.2.
2015-08-22 18:39:11,569 [ACCEPTED DEPLOY] jcenter-cache:org/apache/maven/maven-toolchain/2.0.9/maven-toolchain-2.0.9.pom for anonymous/10.0.2.2.
2015-08-22 18:39:11,577 [ACCEPTED DEPLOY] libs-release:org/apache/maven/maven-toolchain/2.0.9/maven-toolchain-2.0.9.pom for anonymous/10.0.2.2.
2015-08-22 18:39:11,777 [ACCEPTED DEPLOY] jcenter-cache:org/apache/commons/commons-lang3/3.1/commons-lang3-3.1.pom for anonymous/10.0.2.2.
2015-08-22 18:39:11,804 [ACCEPTED DEPLOY] libs-release:org/apache/commons/commons-lang3/3.1/commons-lang3-3.1.pom for anonymous/10.0.2.2.
2015-08-22 18:39:12,095 [ACCEPTED DEPLOY] jcenter-cache:org/apache/commons/commons-parent/22/commons-parent-22.pom for anonymous/10.0.2.2.
2015-08-22 18:39:12,139 [ACCEPTED DEPLOY] libs-release:org/apache/commons/commons-parent/22/commons-parent-22.pom for anonymous/10.0.2.2.
2015-08-22 18:39:12,345 [ACCEPTED DEPLOY] jcenter-cache:org/apache/apache/9/apache-9.pom for anonymous/10.0.2.2.
2015-08-22 18:39:12,357 [ACCEPTED DEPLOY] libs-release:org/apache/apache/9/apache-9.pom for anonymous/10.0.2.2.
2015-08-22 18:39:12,560 [ACCEPTED DEPLOY] jcenter-cache:org/apache/maven/shared/maven-common-artifact-filters/1.3/maven-common-artifact-filters-1.3.pom for anonymous/10.0.2.2.
2015-08-22 18:39:12,569 [ACCEPTED DEPLOY] libs-release:org/apache/maven/shared/maven-common-artifact-filters/1.3/maven-common-artifact-filters-1.3.pom for anonymous/10.0.2.2.
2015-08-22 18:39:12,815 [ACCEPTED DEPLOY] jcenter-cache:org/apache/maven/shared/maven-shared-components/12/maven-shared-components-12.pom for anonymous/10.0.2.2.
2015-08-22 18:39:12,825 [ACCEPTED DEPLOY] libs-release:org/apache/maven/shared/maven-shared-components/12/maven-shared-components-12.pom for anonymous/10.0.2.2.
2015-08-22 18:39:13,072 [ACCEPTED DEPLOY] jcenter-cache:org/apache/maven/maven-parent/13/maven-parent-13.pom for anonymous/10.0.2.2.
2015-08-22 18:39:13,083 [ACCEPTED DEPLOY] libs-release:org/apache/maven/maven-parent/13/maven-parent-13.pom for anonymous/10.0.2.2.
2015-08-22 18:39:13,236 [ACCEPTED DEPLOY] jcenter-cache:org/apache/apache/6/apache-6.pom for anonymous/10.0.2.2.
2015-08-22 18:39:13,253 [ACCEPTED DEPLOY] libs-release:org/apache/apache/6/apache-6.pom for anonymous/10.0.2.2.
2015-08-22 18:39:13,454 [ACCEPTED DEPLOY] jcenter-cache:org/codehaus/plexus/plexus-container-default/1.0-alpha-9/plexus-container-default-1.0-alpha-9.pom for anonymous/10.0.2.2.
2015-08-22 18:39:13,463 [ACCEPTED DEPLOY] libs-release:org/codehaus/plexus/plexus-container-default/1.0-alpha-9/plexus-container-default-1.0-alpha-9.pom for anonymous/10.0.2.2.
2015-08-22 18:39:13,721 [ACCEPTED DEPLOY] jcenter-cache:org/apache/maven/surefire/surefire-booter/2.12.4/surefire-booter-2.12.4.jar for anonymous/10.0.2.2.
2015-08-22 18:39:13,748 [ACCEPTED DEPLOY] jcenter-cache:org/apache/maven/shared/maven-common-artifact-filters/1.3/maven-common-artifact-filters-1.3.jar for anonymous/10.0.2.2.
2015-08-22 18:39:13,852 [ACCEPTED DEPLOY] jcenter-cache:org/apache/maven/surefire/surefire-api/2.12.4/surefire-api-2.12.4.jar for anonymous/10.0.2.2.
2015-08-22 18:39:13,919 [ACCEPTED DEPLOY] jcenter-cache:org/apache/maven/reporting/maven-reporting-api/2.0.9/maven-reporting-api-2.0.9.jar for anonymous/10.0.2.2.
2015-08-22 18:39:14,125 [ACCEPTED DEPLOY] jcenter-cache:org/apache/maven/plugin-tools/maven-plugin-annotations/3.1/maven-plugin-annotations-3.1.jar for anonymous/10.0.2.2.
2015-08-22 18:39:14,146 [ACCEPTED DEPLOY] jcenter-cache:org/apache/maven/maven-toolchain/2.0.9/maven-toolchain-2.0.9.jar for anonymous/10.0.2.2.
2015-08-22 18:39:14,404 [ACCEPTED DEPLOY] jcenter-cache:org/codehaus/plexus/plexus-utils/3.0.8/plexus-utils-3.0.8.jar for anonymous/10.0.2.2.
2015-08-22 18:39:14,519 [ACCEPTED DEPLOY] jcenter-cache:org/apache/maven/surefire/maven-surefire-common/2.12.4/maven-surefire-common-2.12.4.jar for anonymous/10.0.2.2.
2015-08-22 18:39:14,557 [ACCEPTED DEPLOY] jcenter-cache:org/apache/commons/commons-lang3/3.1/commons-lang3-3.1.jar for anonymous/10.0.2.2.
2015-08-22 18:39:15,039 [ACCEPTED DEPLOY] jcenter-cache:org/apache/maven/maven-archiver/2.5/maven-archiver-2.5.pom for anonymous/10.0.2.2.
2015-08-22 18:39:15,060 [ACCEPTED DEPLOY] libs-release:org/apache/maven/maven-archiver/2.5/maven-archiver-2.5.pom for anonymous/10.0.2.2.
2015-08-22 18:39:15,289 [ACCEPTED DEPLOY] jcenter-cache:org/codehaus/plexus/plexus-archiver/2.1/plexus-archiver-2.1.pom for anonymous/10.0.2.2.
2015-08-22 18:39:15,297 [ACCEPTED DEPLOY] libs-release:org/codehaus/plexus/plexus-archiver/2.1/plexus-archiver-2.1.pom for anonymous/10.0.2.2.
2015-08-22 18:39:15,584 [ACCEPTED DEPLOY] jcenter-cache:org/codehaus/plexus/plexus-io/2.0.2/plexus-io-2.0.2.pom for anonymous/10.0.2.2.
2015-08-22 18:39:15,594 [ACCEPTED DEPLOY] libs-release:org/codehaus/plexus/plexus-io/2.0.2/plexus-io-2.0.2.pom for anonymous/10.0.2.2.
2015-08-22 18:39:15,812 [ACCEPTED DEPLOY] jcenter-cache:org/codehaus/plexus/plexus-components/1.1.19/plexus-components-1.1.19.pom for anonymous/10.0.2.2.
2015-08-22 18:39:15,821 [ACCEPTED DEPLOY] libs-release:org/codehaus/plexus/plexus-components/1.1.19/plexus-components-1.1.19.pom for anonymous/10.0.2.2.
2015-08-22 18:39:16,022 [ACCEPTED DEPLOY] jcenter-cache:org/codehaus/plexus/plexus/3.0.1/plexus-3.0.1.pom for anonymous/10.0.2.2.
2015-08-22 18:39:16,031 [ACCEPTED DEPLOY] libs-release:org/codehaus/plexus/plexus/3.0.1/plexus-3.0.1.pom for anonymous/10.0.2.2.
2015-08-22 18:39:16,217 [ACCEPTED DEPLOY] jcenter-cache:org/codehaus/plexus/plexus-interpolation/1.15/plexus-interpolation-1.15.pom for anonymous/10.0.2.2.
2015-08-22 18:39:16,230 [ACCEPTED DEPLOY] libs-release:org/codehaus/plexus/plexus-interpolation/1.15/plexus-interpolation-1.15.pom for anonymous/10.0.2.2.
2015-08-22 18:39:16,446 [ACCEPTED DEPLOY] jcenter-cache:com/thoughtworks/xstream/xstream/1.3.1/xstream-1.3.1.pom for anonymous/10.0.2.2.
2015-08-22 18:39:16,457 [ACCEPTED DEPLOY] libs-release:com/thoughtworks/xstream/xstream/1.3.1/xstream-1.3.1.pom for anonymous/10.0.2.2.
2015-08-22 18:39:16,650 [ACCEPTED DEPLOY] jcenter-cache:com/thoughtworks/xstream/xstream-parent/1.3.1/xstream-parent-1.3.1.pom for anonymous/10.0.2.2.
2015-08-22 18:39:16,659 [ACCEPTED DEPLOY] libs-release:com/thoughtworks/xstream/xstream-parent/1.3.1/xstream-parent-1.3.1.pom for anonymous/10.0.2.2.
2015-08-22 18:39:16,835 [ACCEPTED DEPLOY] jcenter-cache:xpp3/xpp3_min/1.1.4c/xpp3_min-1.1.4c.pom for anonymous/10.0.2.2.
2015-08-22 18:39:16,845 [ACCEPTED DEPLOY] libs-release:xpp3/xpp3_min/1.1.4c/xpp3_min-1.1.4c.pom for anonymous/10.0.2.2.
2015-08-22 18:39:17,062 [ACCEPTED DEPLOY] jcenter-cache:org/apache/maven/shared/maven-filtering/1.0-beta-2/maven-filtering-1.0-beta-2.pom for anonymous/10.0.2.2.
2015-08-22 18:39:17,077 [ACCEPTED DEPLOY] libs-release:org/apache/maven/shared/maven-filtering/1.0-beta-2/maven-filtering-1.0-beta-2.pom for anonymous/10.0.2.2.
2015-08-22 18:39:17,294 [ACCEPTED DEPLOY] jcenter-cache:org/apache/maven/shared/maven-shared-components/10/maven-shared-components-10.pom for anonymous/10.0.2.2.
2015-08-22 18:39:17,303 [ACCEPTED DEPLOY] libs-release:org/apache/maven/shared/maven-shared-components/10/maven-shared-components-10.pom for anonymous/10.0.2.2.
2015-08-22 18:39:17,524 [ACCEPTED DEPLOY] jcenter-cache:org/apache/maven/maven-parent/9/maven-parent-9.pom for anonymous/10.0.2.2.
2015-08-22 18:39:17,537 [ACCEPTED DEPLOY] libs-release:org/apache/maven/maven-parent/9/maven-parent-9.pom for anonymous/10.0.2.2.
2015-08-22 18:39:17,712 [ACCEPTED DEPLOY] jcenter-cache:org/codehaus/plexus/plexus-utils/1.5.6/plexus-utils-1.5.6.pom for anonymous/10.0.2.2.
2015-08-22 18:39:17,720 [ACCEPTED DEPLOY] libs-release:org/codehaus/plexus/plexus-utils/1.5.6/plexus-utils-1.5.6.pom for anonymous/10.0.2.2.
2015-08-22 18:39:17,921 [ACCEPTED DEPLOY] jcenter-cache:org/codehaus/plexus/plexus/1.0.12/plexus-1.0.12.pom for anonymous/10.0.2.2.
2015-08-22 18:39:17,941 [ACCEPTED DEPLOY] libs-release:org/codehaus/plexus/plexus/1.0.12/plexus-1.0.12.pom for anonymous/10.0.2.2.
2015-08-22 18:39:18,223 [ACCEPTED DEPLOY] jcenter-cache:org/codehaus/plexus/plexus-interpolation/1.6/plexus-interpolation-1.6.pom for anonymous/10.0.2.2.
2015-08-22 18:39:18,237 [ACCEPTED DEPLOY] libs-release:org/codehaus/plexus/plexus-interpolation/1.6/plexus-interpolation-1.6.pom for anonymous/10.0.2.2.
2015-08-22 18:39:18,480 [ACCEPTED DEPLOY] jcenter-cache:org/apache/maven/maven-archiver/2.5/maven-archiver-2.5.jar for anonymous/10.0.2.2.
2015-08-22 18:39:18,556 [ACCEPTED DEPLOY] jcenter-cache:org/codehaus/plexus/plexus-interpolation/1.15/plexus-interpolation-1.15.jar for anonymous/10.0.2.2.
2015-08-22 18:39:18,650 [ACCEPTED DEPLOY] jcenter-cache:org/codehaus/plexus/plexus-io/2.0.2/plexus-io-2.0.2.jar for anonymous/10.0.2.2.
2015-08-22 18:39:18,670 [ACCEPTED DEPLOY] jcenter-cache:xpp3/xpp3_min/1.1.4c/xpp3_min-1.1.4c.jar for anonymous/10.0.2.2.
2015-08-22 18:39:18,694 [ACCEPTED DEPLOY] jcenter-cache:org/codehaus/plexus/plexus-archiver/2.1/plexus-archiver-2.1.jar for anonymous/10.0.2.2.
2015-08-22 18:39:18,868 [ACCEPTED DEPLOY] jcenter-cache:org/apache/maven/shared/maven-filtering/1.0-beta-2/maven-filtering-1.0-beta-2.jar for anonymous/10.0.2.2.
2015-08-22 18:39:19,666 [ACCEPTED DEPLOY] jcenter-cache:com/thoughtworks/xstream/xstream/1.3.1/xstream-1.3.1.jar for anonymous/10.0.2.2.
2015-08-22 18:39:23,007 [ACCEPTED DEPLOY] jcenter-cache:org/codehaus/plexus/plexus-utils/3.0.5/plexus-utils-3.0.5.pom for anonymous/10.0.2.2.
2015-08-22 18:39:23,042 [ACCEPTED DEPLOY] libs-release:org/codehaus/plexus/plexus-utils/3.0.5/plexus-utils-3.0.5.pom for anonymous/10.0.2.2.
2015-08-22 18:39:23,367 [ACCEPTED DEPLOY] jcenter-cache:org/codehaus/plexus/plexus/3.1/plexus-3.1.pom for anonymous/10.0.2.2.
2015-08-22 18:39:23,377 [ACCEPTED DEPLOY] libs-release:org/codehaus/plexus/plexus/3.1/plexus-3.1.pom for anonymous/10.0.2.2.
2015-08-22 18:39:23,565 [ACCEPTED DEPLOY] jcenter-cache:org/codehaus/plexus/plexus-digest/1.0/plexus-digest-1.0.pom for anonymous/10.0.2.2.
2015-08-22 18:39:23,574 [ACCEPTED DEPLOY] libs-release:org/codehaus/plexus/plexus-digest/1.0/plexus-digest-1.0.pom for anonymous/10.0.2.2.
2015-08-22 18:39:23,835 [ACCEPTED DEPLOY] jcenter-cache:org/codehaus/plexus/plexus-components/1.1.7/plexus-components-1.1.7.pom for anonymous/10.0.2.2.
2015-08-22 18:39:23,846 [ACCEPTED DEPLOY] libs-release:org/codehaus/plexus/plexus-components/1.1.7/plexus-components-1.1.7.pom for anonymous/10.0.2.2.
2015-08-22 18:39:24,107 [ACCEPTED DEPLOY] jcenter-cache:org/codehaus/plexus/plexus/1.0.8/plexus-1.0.8.pom for anonymous/10.0.2.2.
2015-08-22 18:39:24,118 [ACCEPTED DEPLOY] libs-release:org/codehaus/plexus/plexus/1.0.8/plexus-1.0.8.pom for anonymous/10.0.2.2.
2015-08-22 18:39:24,382 [ACCEPTED DEPLOY] jcenter-cache:org/codehaus/plexus/plexus-container-default/1.0-alpha-8/plexus-container-default-1.0-alpha-8.pom for anonymous/10.0.2.2.
2015-08-22 18:39:24,401 [ACCEPTED DEPLOY] libs-release:org/codehaus/plexus/plexus-container-default/1.0-alpha-8/plexus-container-default-1.0-alpha-8.pom for anonymous/10.0.2.2.
2015-08-22 18:39:24,624 [ACCEPTED DEPLOY] jcenter-cache:org/codehaus/plexus/plexus-digest/1.0/plexus-digest-1.0.jar for anonymous/10.0.2.2.
2015-08-22 18:39:24,681 [ACCEPTED DEPLOY] jcenter-cache:classworlds/classworlds/1.1-alpha-2/classworlds-1.1-alpha-2.jar for anonymous/10.0.2.2.
2015-08-22 18:39:25,489 [ACCEPTED DEPLOY] jcenter-cache:org/codehaus/plexus/plexus-utils/3.0.5/plexus-utils-3.0.5.jar for anonymous/10.0.2.2.
2015-08-22 18:39:29,058 [ACCEPTED DEPLOY] libs-snapshot-local:com/zgardner/msa/app/logging/api/0.0.1-SNAPSHOT/api-0.0.1-20150822.183728-1.war for admin/10.0.2.2.
2015-08-22 18:39:29,335 [ACCEPTED DEPLOY] libs-snapshot-local:com/zgardner/msa/app/logging/api/0.0.1-SNAPSHOT/maven-metadata.xml for admin/10.0.2.2.
2015-08-22 18:39:29,336 [ACCEPTED DEPLOY] libs-snapshot-local:com/zgardner/msa/app/logging/api/0.0.1-SNAPSHOT/api-0.0.1-20150822.183728-1.pom for admin/10.0.2.2.
2015-08-22 18:39:29,412 [ACCEPTED DEPLOY] libs-snapshot-local:com/zgardner/msa/app/logging/api/maven-metadata.xml for admin/10.0.2.2.
2015-08-22 18:42:22,971 [ACCEPTED DEPLOY] jcenter-cache:org/apache/maven/plugins/maven-jar-plugin/2.4/maven-jar-plugin-2.4.pom for anonymous/10.0.2.2.
2015-08-22 18:42:22,995 [ACCEPTED DEPLOY] libs-release:org/apache/maven/plugins/maven-jar-plugin/2.4/maven-jar-plugin-2.4.pom for anonymous/10.0.2.2.
2015-08-22 18:42:23,284 [ACCEPTED DEPLOY] jcenter-cache:org/apache/maven/plugins/maven-jar-plugin/2.4/maven-jar-plugin-2.4.jar for anonymous/10.0.2.2.
2015-08-22 18:42:27,434 [ACCEPTED DEPLOY] jcenter-cache:commons-lang/commons-lang/2.1/commons-lang-2.1.pom for anonymous/10.0.2.2.
2015-08-22 18:42:27,444 [ACCEPTED DEPLOY] libs-release:commons-lang/commons-lang/2.1/commons-lang-2.1.pom for anonymous/10.0.2.2.
2015-08-22 18:42:28,675 [ACCEPTED DEPLOY] jcenter-cache:commons-lang/commons-lang/2.1/commons-lang-2.1.jar for anonymous/10.0.2.2.
2015-08-22 18:42:30,858 [ACCEPTED DEPLOY] libs-snapshot-local:com/zgardner/msa/api/host/lib/0.0.1-SNAPSHOT/lib-0.0.1-20150822.184209-1.jar for admin/10.0.2.2.
2015-08-22 18:42:30,988 [ACCEPTED DEPLOY] libs-snapshot-local:com/zgardner/msa/api/host/lib/0.0.1-SNAPSHOT/maven-metadata.xml for admin/10.0.2.2.
2015-08-22 18:42:30,989 [ACCEPTED DEPLOY] libs-snapshot-local:com/zgardner/msa/api/host/lib/0.0.1-SNAPSHOT/lib-0.0.1-20150822.184209-1.pom for admin/10.0.2.2.
2015-08-22 18:42:31,013 [ACCEPTED DEPLOY] libs-snapshot-local:com/zgardner/msa/api/host/lib/maven-metadata.xml for admin/10.0.2.2.
2015-08-22 18:42:57,633 [ACCEPTED DEPLOY] libs-snapshot-local:com/zgardner/msa/app/logging/api/0.0.1-SNAPSHOT/maven-metadata.xml for admin/10.0.2.2.
2015-08-22 18:42:57,633 [ACCEPTED DEPLOY] libs-snapshot-local:com/zgardner/msa/app/logging/api/0.0.1-SNAPSHOT/api-0.0.1-20150822.184239-2.war for admin/10.0.2.2.
2015-08-22 18:42:57,673 [ACCEPTED DEPLOY] libs-snapshot-local:com/zgardner/msa/app/logging/api/0.0.1-SNAPSHOT/maven-metadata.xml for admin/10.0.2.2.
2015-08-22 18:42:57,673 [ACCEPTED DEPLOY] libs-snapshot-local:com/zgardner/msa/app/logging/api/0.0.1-SNAPSHOT/api-0.0.1-20150822.184239-2.pom for admin/10.0.2.2.
2015-08-22 18:42:57,695 [ACCEPTED DEPLOY] libs-snapshot-local:com/zgardner/msa/app/logging/api/maven-metadata.xml for admin/10.0.2.2.
2015-08-22 18:43:56,248 [ACCEPTED DEPLOY] libs-snapshot-local:com/zgardner/msa/api/common/lib/0.0.1-SNAPSHOT/lib-0.0.1-20150822.184342-1.jar for admin/10.0.2.2.
2015-08-22 18:43:56,417 [ACCEPTED DEPLOY] libs-snapshot-local:com/zgardner/msa/api/common/lib/0.0.1-SNAPSHOT/maven-metadata.xml for admin/10.0.2.2.
2015-08-22 18:43:56,417 [ACCEPTED DEPLOY] libs-snapshot-local:com/zgardner/msa/api/common/lib/0.0.1-SNAPSHOT/lib-0.0.1-20150822.184342-1.pom for admin/10.0.2.2.
2015-08-22 18:43:56,455 [ACCEPTED DEPLOY] libs-snapshot-local:com/zgardner/msa/api/common/lib/maven-metadata.xml for admin/10.0.2.2.
2015-08-22 18:44:17,221 [ACCEPTED DEPLOY] libs-snapshot-local:com/zgardner/msa/api/host/lib/0.0.1-SNAPSHOT/maven-metadata.xml for admin/10.0.2.2.
2015-08-22 18:44:17,222 [ACCEPTED DEPLOY] libs-snapshot-local:com/zgardner/msa/api/host/lib/0.0.1-SNAPSHOT/lib-0.0.1-20150822.184404-2.jar for admin/10.0.2.2.
2015-08-22 18:44:17,364 [ACCEPTED DEPLOY] libs-snapshot-local:com/zgardner/msa/api/host/lib/0.0.1-SNAPSHOT/maven-metadata.xml for admin/10.0.2.2.
2015-08-22 18:44:17,364 [ACCEPTED DEPLOY] libs-snapshot-local:com/zgardner/msa/api/host/lib/0.0.1-SNAPSHOT/lib-0.0.1-20150822.184404-2.pom for admin/10.0.2.2.
2015-08-22 18:44:17,392 [ACCEPTED DEPLOY] libs-snapshot-local:com/zgardner/msa/api/host/lib/maven-metadata.xml for admin/10.0.2.2.
2015-08-22 18:44:41,967 [ACCEPTED DEPLOY] libs-snapshot-local:com/zgardner/msa/app/logging/api/0.0.1-SNAPSHOT/maven-metadata.xml for admin/10.0.2.2.
2015-08-22 18:44:41,968 [ACCEPTED DEPLOY] libs-snapshot-local:com/zgardner/msa/app/logging/api/0.0.1-SNAPSHOT/api-0.0.1-20150822.184424-3.war for admin/10.0.2.2.
2015-08-22 18:44:41,999 [ACCEPTED DEPLOY] libs-snapshot-local:com/zgardner/msa/app/logging/api/0.0.1-SNAPSHOT/maven-metadata.xml for admin/10.0.2.2.
2015-08-22 18:44:42,000 [ACCEPTED DEPLOY] libs-snapshot-local:com/zgardner/msa/app/logging/api/0.0.1-SNAPSHOT/api-0.0.1-20150822.184424-3.pom for admin/10.0.2.2.
2015-08-22 18:44:42,031 [ACCEPTED DEPLOY] libs-snapshot-local:com/zgardner/msa/app/logging/api/maven-metadata.xml for admin/10.0.2.2.
